{"/home/travis/build/npmtest/node-npmtest-segment/test.js":{"path":"/home/travis/build/npmtest/node-npmtest-segment/test.js","s":{"1":2,"2":2,"3":2,"4":2,"5":2,"6":2,"7":2,"8":1,"9":2,"10":2,"11":1,"12":1,"13":1,"14":1,"15":2,"16":2,"17":2,"18":2,"19":1,"20":1,"21":2,"22":2,"23":2,"24":1,"25":1,"26":1,"27":1,"28":1,"29":1,"30":1,"31":1,"32":1,"33":1,"34":1,"35":1,"36":1,"37":1,"38":1,"39":2,"40":2,"41":1,"42":2,"43":2,"44":1,"45":2,"46":2,"47":1,"48":2,"49":2,"50":1,"51":1,"52":1,"53":1,"54":1},"b":{"1":[2,1,1,1],"2":[1,1,1,1],"3":[1,1],"4":[1,1],"5":[1,1],"6":[1,1],"7":[1,1],"8":[1,1],"9":[1,1],"10":[1,1,1],"11":[1,1],"12":[1,1],"13":[1,1],"14":[1,1],"15":[1,1],"16":[1,1],"17":[1,1]},"f":{"1":2,"2":2,"3":2,"4":2,"5":2,"6":1,"7":1,"8":1,"9":2,"10":2,"11":2,"12":2,"13":1},"fnMap":{"1":{"name":"(anonymous_1)","line":12,"loc":{"start":{"line":12,"column":1},"end":{"line":12,"column":13}}},"2":{"name":"(anonymous_2)","line":19,"loc":{"start":{"line":19,"column":5},"end":{"line":19,"column":17}}},"3":{"name":"(anonymous_3)","line":23,"loc":{"start":{"line":23,"column":24},"end":{"line":23,"column":36}}},"4":{"name":"(anonymous_4)","line":61,"loc":{"start":{"line":61,"column":5},"end":{"line":61,"column":17}}},"5":{"name":"(anonymous_5)","line":82,"loc":{"start":{"line":82,"column":5},"end":{"line":82,"column":17}}},"6":{"name":"(anonymous_6)","line":91,"loc":{"start":{"line":91,"column":77},"end":{"line":94,"column":10}}},"7":{"name":"(anonymous_7)","line":112,"loc":{"start":{"line":112,"column":83},"end":{"line":115,"column":10}},"skip":true},"8":{"name":"(anonymous_8)","line":123,"loc":{"start":{"line":123,"column":77},"end":{"line":126,"column":10}},"skip":true},"9":{"name":"(anonymous_9)","line":139,"loc":{"start":{"line":139,"column":12},"end":{"line":139,"column":40}},"skip":true},"10":{"name":"(anonymous_10)","line":147,"loc":{"start":{"line":147,"column":77},"end":{"line":150,"column":10}},"skip":true},"11":{"name":"(anonymous_11)","line":158,"loc":{"start":{"line":158,"column":83},"end":{"line":161,"column":10}},"skip":true},"12":{"name":"(anonymous_12)","line":169,"loc":{"start":{"line":169,"column":79},"end":{"line":172,"column":10}},"skip":true},"13":{"name":"(anonymous_13)","line":180,"loc":{"start":{"line":180,"column":75},"end":{"line":183,"column":10}},"skip":true}},"statementMap":{"1":{"start":{"line":12,"column":0},"end":{"line":195,"column":5}},"2":{"start":{"line":14,"column":4},"end":{"line":14,"column":14}},"3":{"start":{"line":19,"column":4},"end":{"line":56,"column":9}},"4":{"start":{"line":21,"column":8},"end":{"line":21,"column":19}},"5":{"start":{"line":23,"column":8},"end":{"line":35,"column":13}},"6":{"start":{"line":24,"column":12},"end":{"line":34,"column":13}},"7":{"start":{"line":25,"column":16},"end":{"line":28,"column":30}},"8":{"start":{"line":30,"column":16},"end":{"line":33,"column":27}},"9":{"start":{"line":37,"column":8},"end":{"line":39,"column":21}},"10":{"start":{"line":40,"column":8},"end":{"line":53,"column":9}},"11":{"start":{"line":43,"column":12},"end":{"line":46,"column":14}},"12":{"start":{"line":47,"column":12},"end":{"line":47,"column":18}},"13":{"start":{"line":50,"column":12},"end":{"line":51,"column":33}},"14":{"start":{"line":52,"column":12},"end":{"line":52,"column":18}},"15":{"start":{"line":55,"column":8},"end":{"line":55,"column":35}},"16":{"start":{"line":61,"column":4},"end":{"line":63,"column":9}},"17":{"start":{"line":62,"column":8},"end":{"line":62,"column":15}},"18":{"start":{"line":64,"column":4},"end":{"line":77,"column":5}},"19":{"start":{"line":70,"column":8},"end":{"line":70,"column":14}},"20":{"start":{"line":76,"column":8},"end":{"line":76,"column":14}},"21":{"start":{"line":82,"column":4},"end":{"line":84,"column":9}},"22":{"start":{"line":83,"column":8},"end":{"line":83,"column":15}},"23":{"start":{"line":85,"column":4},"end":{"line":194,"column":5}},"24":{"start":{"line":91,"column":8},"end":{"line":99,"column":10}},"25":{"start":{"line":98,"column":12},"end":{"line":98,"column":35}},"26":{"start":{"line":102,"column":8},"end":{"line":104,"column":63}},"27":{"start":{"line":105,"column":8},"end":{"line":105,"column":14}},"28":{"start":{"line":112,"column":8},"end":{"line":121,"column":10},"skip":true},"29":{"start":{"line":119,"column":12},"end":{"line":119,"column":55},"skip":true},"30":{"start":{"line":120,"column":12},"end":{"line":120,"column":48},"skip":true},"31":{"start":{"line":123,"column":8},"end":{"line":136,"column":10},"skip":true},"32":{"start":{"line":130,"column":12},"end":{"line":130,"column":76},"skip":true},"33":{"start":{"line":131,"column":12},"end":{"line":131,"column":73},"skip":true},"34":{"start":{"line":132,"column":12},"end":{"line":132,"column":74},"skip":true},"35":{"start":{"line":133,"column":12},"end":{"line":133,"column":79},"skip":true},"36":{"start":{"line":134,"column":12},"end":{"line":134,"column":25},"skip":true},"37":{"start":{"line":135,"column":12},"end":{"line":135,"column":45},"skip":true},"38":{"start":{"line":138,"column":8},"end":{"line":145,"column":14},"skip":true},"39":{"start":{"line":143,"column":16},"end":{"line":143,"column":29},"skip":true},"40":{"start":{"line":144,"column":16},"end":{"line":144,"column":55},"skip":true},"41":{"start":{"line":147,"column":8},"end":{"line":156,"column":10},"skip":true},"42":{"start":{"line":154,"column":12},"end":{"line":154,"column":25},"skip":true},"43":{"start":{"line":155,"column":12},"end":{"line":155,"column":45},"skip":true},"44":{"start":{"line":158,"column":8},"end":{"line":167,"column":10},"skip":true},"45":{"start":{"line":165,"column":12},"end":{"line":165,"column":25},"skip":true},"46":{"start":{"line":166,"column":12},"end":{"line":166,"column":48},"skip":true},"47":{"start":{"line":169,"column":8},"end":{"line":178,"column":10},"skip":true},"48":{"start":{"line":176,"column":12},"end":{"line":176,"column":25},"skip":true},"49":{"start":{"line":177,"column":12},"end":{"line":177,"column":46},"skip":true},"50":{"start":{"line":180,"column":8},"end":{"line":189,"column":10},"skip":true},"51":{"start":{"line":187,"column":12},"end":{"line":187,"column":94},"skip":true},"52":{"start":{"line":188,"column":12},"end":{"line":188,"column":48},"skip":true},"53":{"start":{"line":192,"column":8},"end":{"line":192,"column":35},"skip":true},"54":{"start":{"line":193,"column":8},"end":{"line":193,"column":14},"skip":true}},"branchMap":{"1":{"line":25,"type":"binary-expr","locations":[{"start":{"line":25,"column":23},"end":{"line":25,"column":62}},{"start":{"line":26,"column":20},"end":{"line":26,"column":70}},{"start":{"line":27,"column":20},"end":{"line":27,"column":71}},{"start":{"line":28,"column":20},"end":{"line":28,"column":29}}]},"2":{"line":30,"type":"binary-expr","locations":[{"start":{"line":30,"column":23},"end":{"line":30,"column":37}},{"start":{"line":31,"column":20},"end":{"line":31,"column":61}},{"start":{"line":32,"column":20},"end":{"line":32,"column":70}},{"start":{"line":33,"column":20},"end":{"line":33,"column":26}}]},"3":{"line":37,"type":"cond-expr","locations":[{"start":{"line":38,"column":14},"end":{"line":38,"column":20}},{"start":{"line":39,"column":14},"end":{"line":39,"column":20}}]},"4":{"line":40,"type":"switch","locations":[{"start":{"line":42,"column":8},"end":{"line":47,"column":18}},{"start":{"line":49,"column":8},"end":{"line":52,"column":18}}]},"5":{"line":44,"type":"binary-expr","locations":[{"start":{"line":44,"column":16},"end":{"line":44,"column":44}},{"start":{"line":44,"column":48},"end":{"line":44,"column":66}}]},"6":{"line":50,"type":"binary-expr","locations":[{"start":{"line":50,"column":21},"end":{"line":50,"column":49}},{"start":{"line":50,"column":53},"end":{"line":50,"column":72}}]},"7":{"line":64,"type":"switch","locations":[{"start":{"line":69,"column":4},"end":{"line":70,"column":14}},{"start":{"line":75,"column":4},"end":{"line":76,"column":14}}]},"8":{"line":85,"type":"switch","locations":[{"start":{"line":90,"column":4},"end":{"line":105,"column":14}},{"start":{"line":111,"column":4},"end":{"line":193,"column":14},"skip":true}]},"9":{"line":91,"type":"binary-expr","locations":[{"start":{"line":91,"column":42},"end":{"line":91,"column":73}},{"start":{"line":91,"column":77},"end":{"line":99,"column":9}}]},"10":{"line":102,"type":"binary-expr","locations":[{"start":{"line":102,"column":18},"end":{"line":102,"column":32}},{"start":{"line":103,"column":12},"end":{"line":103,"column":53}},{"start":{"line":104,"column":12},"end":{"line":104,"column":61}}]},"11":{"line":112,"type":"binary-expr","locations":[{"start":{"line":112,"column":45},"end":{"line":112,"column":79},"skip":true},{"start":{"line":112,"column":83},"end":{"line":121,"column":9},"skip":true}]},"12":{"line":123,"type":"binary-expr","locations":[{"start":{"line":123,"column":42},"end":{"line":123,"column":73},"skip":true},{"start":{"line":123,"column":77},"end":{"line":136,"column":9},"skip":true}]},"13":{"line":138,"type":"binary-expr","locations":[{"start":{"line":138,"column":48},"end":{"line":138,"column":85},"skip":true},{"start":{"line":139,"column":12},"end":{"line":145,"column":13},"skip":true}]},"14":{"line":147,"type":"binary-expr","locations":[{"start":{"line":147,"column":42},"end":{"line":147,"column":73},"skip":true},{"start":{"line":147,"column":77},"end":{"line":156,"column":9},"skip":true}]},"15":{"line":158,"type":"binary-expr","locations":[{"start":{"line":158,"column":45},"end":{"line":158,"column":79},"skip":true},{"start":{"line":158,"column":83},"end":{"line":167,"column":9},"skip":true}]},"16":{"line":169,"type":"binary-expr","locations":[{"start":{"line":169,"column":43},"end":{"line":169,"column":75},"skip":true},{"start":{"line":169,"column":79},"end":{"line":178,"column":9},"skip":true}]},"17":{"line":180,"type":"binary-expr","locations":[{"start":{"line":180,"column":41},"end":{"line":180,"column":71},"skip":true},{"start":{"line":180,"column":75},"end":{"line":189,"column":9},"skip":true}]}},"code":["/* istanbul instrument in package npmtest_segment */","/*jslint","    bitwise: true,","    browser: true,","    maxerr: 8,","    maxlen: 96,","    node: true,","    nomen: true,","    regexp: true,","    stupid: true","*/","(function () {","    'use strict';","    var local;","","","","    // run shared js-env code - pre-init","    (function () {","        // init local","        local = {};","        // init modeJs","        local.modeJs = (function () {","            try {","                return typeof navigator.userAgent === 'string' &&","                    typeof document.querySelector('body') === 'object' &&","                    typeof XMLHttpRequest.prototype.open === 'function' &&","                    'browser';","            } catch (errorCaughtBrowser) {","                return module.exports &&","                    typeof process.versions.node === 'string' &&","                    typeof require('http').createServer === 'function' &&","                    'node';","            }","        }());","        // init global","        local.global = local.modeJs === 'browser'","            ? window","            : global;","        switch (local.modeJs) {","        // re-init local from window.local","        case 'browser':","            local = local.global.utility2.objectSetDefault(","                local.global.utility2_rollup || local.global.local,","                local.global.utility2","            );","            break;","        // re-init local from example.js","        case 'node':","            local = (local.global.utility2_rollup || require('utility2'))","                .requireReadme();","            break;","        }","        // export local","        local.global.local = local;","    }());","","","","    // run shared js-env code - function","    (function () {","        return;","    }());","    switch (local.modeJs) {","","","","    // run browser js-env code - function","    case 'browser':","        break;","","","","    // run node js-env code - function","    case 'node':","        break;","    }","","","","    // run shared js-env code - post-init","    (function () {","        return;","    }());","    switch (local.modeJs) {","","","","    // run browser js-env code - post-init","    case 'browser':","        local.testCase_browser_nullCase = local.testCase_browser_nullCase || function (","            options,","            onError","        ) {","        /*","         * this function will test browsers's null-case handling-behavior-behavior","         */","            onError(null, options);","        };","","        // run tests","        local.nop(local.modeTest &&","            document.querySelector('#testRunButton1') &&","            document.querySelector('#testRunButton1').click());","        break;","","","","    // run node js-env code - post-init","    /* istanbul ignore next */","    case 'node':","        local.testCase_buildApidoc_default = local.testCase_buildApidoc_default || function (","            options,","            onError","        ) {","        /*","         * this function will test buildApidoc's default handling-behavior-behavior","         */","            options = { modulePathList: module.paths };","            local.buildApidoc(options, onError);","        };","","        local.testCase_buildApp_default = local.testCase_buildApp_default || function (","            options,","            onError","        ) {","        /*","         * this function will test buildApp's default handling-behavior-behavior","         */","            local.testCase_buildReadme_default(options, local.onErrorThrow);","            local.testCase_buildLib_default(options, local.onErrorThrow);","            local.testCase_buildTest_default(options, local.onErrorThrow);","            local.testCase_buildCustomOrg_default(options, local.onErrorThrow);","            options = [];","            local.buildApp(options, onError);","        };","","        local.testCase_buildCustomOrg_default = local.testCase_buildCustomOrg_default ||","            function (options, onError) {","            /*","             * this function will test buildCustomOrg's default handling-behavior","             */","                options = {};","                local.buildCustomOrg(options, onError);","            };","","        local.testCase_buildLib_default = local.testCase_buildLib_default || function (","            options,","            onError","        ) {","        /*","         * this function will test buildLib's default handling-behavior","         */","            options = {};","            local.buildLib(options, onError);","        };","","        local.testCase_buildReadme_default = local.testCase_buildReadme_default || function (","            options,","            onError","        ) {","        /*","         * this function will test buildReadme's default handling-behavior-behavior","         */","            options = {};","            local.buildReadme(options, onError);","        };","","        local.testCase_buildTest_default = local.testCase_buildTest_default || function (","            options,","            onError","        ) {","        /*","         * this function will test buildTest's default handling-behavior","         */","            options = {};","            local.buildTest(options, onError);","        };","","        local.testCase_webpage_default = local.testCase_webpage_default || function (","            options,","            onError","        ) {","        /*","         * this function will test webpage's default handling-behavior","         */","            options = { modeCoverageMerge: true, url: local.serverLocalHost + '?modeTest=1' };","            local.browserTest(options, onError);","        };","","        // run test-server","        local.testRunServer(local);","        break;","    }","}());",""],"l":{"12":2,"14":2,"19":2,"21":2,"23":2,"24":2,"25":2,"30":1,"37":2,"40":2,"43":1,"47":1,"50":1,"52":1,"55":2,"61":2,"62":2,"64":2,"70":1,"76":1,"82":2,"83":2,"85":2,"91":1,"98":1,"102":1,"105":1,"112":1,"119":1,"120":1,"123":1,"130":1,"131":1,"132":1,"133":1,"134":1,"135":1,"138":1,"143":2,"144":2,"147":1,"154":2,"155":2,"158":1,"165":2,"166":2,"169":1,"176":2,"177":2,"180":1,"187":1,"188":1,"192":1,"193":1}},"/home/travis/build/npmtest/node-npmtest-segment/lib.npmtest_segment.js":{"path":"/home/travis/build/npmtest/node-npmtest-segment/lib.npmtest_segment.js","s":{"1":2,"2":2,"3":2,"4":2,"5":2,"6":2,"7":2,"8":1,"9":2,"10":2,"11":2,"12":2,"13":1,"14":1,"15":1,"16":1},"b":{"1":[2,1,1,1],"2":[1,1,1,1],"3":[1,1],"4":[2,2],"5":[1,1]},"f":{"1":2,"2":2,"3":2},"fnMap":{"1":{"name":"(anonymous_1)","line":12,"loc":{"start":{"line":12,"column":1},"end":{"line":12,"column":13}}},"2":{"name":"(anonymous_2)","line":19,"loc":{"start":{"line":19,"column":5},"end":{"line":19,"column":17}}},"3":{"name":"(anonymous_3)","line":23,"loc":{"start":{"line":23,"column":24},"end":{"line":23,"column":36}}}},"statementMap":{"1":{"start":{"line":12,"column":0},"end":{"line":53,"column":5}},"2":{"start":{"line":14,"column":4},"end":{"line":14,"column":14}},"3":{"start":{"line":19,"column":4},"end":{"line":52,"column":9}},"4":{"start":{"line":21,"column":8},"end":{"line":21,"column":19}},"5":{"start":{"line":23,"column":8},"end":{"line":35,"column":13}},"6":{"start":{"line":24,"column":12},"end":{"line":34,"column":13}},"7":{"start":{"line":25,"column":16},"end":{"line":28,"column":30}},"8":{"start":{"line":30,"column":16},"end":{"line":33,"column":27}},"9":{"start":{"line":37,"column":8},"end":{"line":39,"column":21}},"10":{"start":{"line":41,"column":8},"end":{"line":41,"column":54}},"11":{"start":{"line":43,"column":8},"end":{"line":43,"column":52}},"12":{"start":{"line":45,"column":8},"end":{"line":51,"column":9}},"13":{"start":{"line":46,"column":12},"end":{"line":46,"column":58}},"14":{"start":{"line":48,"column":12},"end":{"line":48,"column":35}},"15":{"start":{"line":49,"column":12},"end":{"line":49,"column":49}},"16":{"start":{"line":50,"column":12},"end":{"line":50,"column":43}}},"branchMap":{"1":{"line":25,"type":"binary-expr","locations":[{"start":{"line":25,"column":23},"end":{"line":25,"column":62}},{"start":{"line":26,"column":20},"end":{"line":26,"column":70}},{"start":{"line":27,"column":20},"end":{"line":27,"column":71}},{"start":{"line":28,"column":20},"end":{"line":28,"column":29}}]},"2":{"line":30,"type":"binary-expr","locations":[{"start":{"line":30,"column":23},"end":{"line":30,"column":37}},{"start":{"line":31,"column":20},"end":{"line":31,"column":61}},{"start":{"line":32,"column":20},"end":{"line":32,"column":70}},{"start":{"line":33,"column":20},"end":{"line":33,"column":26}}]},"3":{"line":37,"type":"cond-expr","locations":[{"start":{"line":38,"column":14},"end":{"line":38,"column":20}},{"start":{"line":39,"column":14},"end":{"line":39,"column":20}}]},"4":{"line":41,"type":"binary-expr","locations":[{"start":{"line":41,"column":16},"end":{"line":41,"column":44}},{"start":{"line":41,"column":48},"end":{"line":41,"column":53}}]},"5":{"line":45,"type":"if","locations":[{"start":{"line":45,"column":8},"end":{"line":45,"column":8}},{"start":{"line":45,"column":8},"end":{"line":45,"column":8}}]}},"code":["/* istanbul instrument in package npmtest_segment */","/*jslint","    bitwise: true,","    browser: true,","    maxerr: 8,","    maxlen: 96,","    node: true,","    nomen: true,","    regexp: true,","    stupid: true","*/","(function () {","    'use strict';","    var local;","","","","    // run shared js-env code - pre-init","    (function () {","        // init local","        local = {};","        // init modeJs","        local.modeJs = (function () {","            try {","                return typeof navigator.userAgent === 'string' &&","                    typeof document.querySelector('body') === 'object' &&","                    typeof XMLHttpRequest.prototype.open === 'function' &&","                    'browser';","            } catch (errorCaughtBrowser) {","                return module.exports &&","                    typeof process.versions.node === 'string' &&","                    typeof require('http').createServer === 'function' &&","                    'node';","            }","        }());","        // init global","        local.global = local.modeJs === 'browser'","            ? window","            : global;","        // init utility2_rollup","        local = local.global.utility2_rollup || local;","        // init lib","        local.local = local.npmtest_segment = local;","        // init exports","        if (local.modeJs === 'browser') {","            local.global.utility2_npmtest_segment = local;","        } else {","            module.exports = local;","            module.exports.__dirname = __dirname;","            module.exports.module = module;","        }","    }());","}());",""],"l":{"12":2,"14":2,"19":2,"21":2,"23":2,"24":2,"25":2,"30":1,"37":2,"41":2,"43":2,"45":2,"46":1,"48":1,"49":1,"50":1}},"/home/travis/build/npmtest/node-npmtest-segment/example.js":{"path":"/home/travis/build/npmtest/node-npmtest-segment/example.js","s":{"1":2,"2":2,"3":2,"4":2,"5":2,"6":2,"7":2,"8":1,"9":2,"10":2,"11":2,"12":2,"13":1,"14":2,"15":2,"16":2,"17":2,"18":2,"19":0,"20":2,"21":1,"22":1,"23":1,"24":1,"25":1,"26":0,"27":0,"28":1,"29":1,"30":2,"31":0,"32":0,"33":0,"34":1,"35":2,"36":2,"37":3,"38":3,"39":3,"40":3,"41":0,"42":3,"43":3,"44":3,"45":1,"46":3,"47":1,"48":1,"49":1,"50":1,"51":1,"52":1,"53":1,"54":1,"55":1,"56":1,"57":0,"58":1,"59":6,"60":6,"61":1,"62":2,"63":0,"64":2,"65":1,"66":1,"67":0,"68":0,"69":0,"70":0,"71":0,"72":0,"73":0,"74":0,"75":0,"76":0,"77":0,"78":0,"79":0,"80":0,"81":0,"82":0,"83":0},"b":{"1":[2,1,1,1],"2":[1,1,1,1],"3":[1,1],"4":[2,2],"5":[1,1],"6":[1,1],"7":[2,0],"8":[2,1,1,1,1,1],"9":[0,2,0],"10":[1,1],"11":[2,1,1],"12":[1,0],"13":[0,2],"14":[2,0,0,0,0,0,0],"15":[0,3],"16":[3,0],"17":[1,1],"18":[0,1],"19":[1,2,0,2],"20":[1,0],"21":[1,1],"22":[0,0],"23":[0,0],"24":[0,0],"25":[0,0],"26":[0,0],"27":[0,0],"28":[0,0]},"f":{"1":2,"2":2,"3":2,"4":2,"5":2,"6":2,"7":3,"8":3,"9":3,"10":1,"11":6,"12":0},"fnMap":{"1":{"name":"(anonymous_1)","line":26,"loc":{"start":{"line":26,"column":1},"end":{"line":26,"column":13}}},"2":{"name":"(anonymous_2)","line":33,"loc":{"start":{"line":33,"column":5},"end":{"line":33,"column":17}}},"3":{"name":"(anonymous_3)","line":37,"loc":{"start":{"line":37,"column":24},"end":{"line":37,"column":36}}},"4":{"name":"(anonymous_4)","line":69,"loc":{"start":{"line":69,"column":31},"end":{"line":69,"column":48}},"skip":true},"5":{"name":"(anonymous_5)","line":78,"loc":{"start":{"line":78,"column":26},"end":{"line":78,"column":45}},"skip":true},"6":{"name":"(anonymous_6)","line":123,"loc":{"start":{"line":123,"column":33},"end":{"line":123,"column":48}},"skip":true},"7":{"name":"(anonymous_7)","line":125,"loc":{"start":{"line":125,"column":27},"end":{"line":125,"column":39}},"skip":true},"8":{"name":"(anonymous_8)","line":133,"loc":{"start":{"line":133,"column":59},"end":{"line":133,"column":74}},"skip":true},"9":{"name":"(anonymous_9)","line":143,"loc":{"start":{"line":143,"column":45},"end":{"line":143,"column":62}},"skip":true},"10":{"name":"(anonymous_10)","line":144,"loc":{"start":{"line":144,"column":73},"end":{"line":144,"column":92}},"skip":true},"11":{"name":"(anonymous_11)","line":272,"loc":{"start":{"line":272,"column":51},"end":{"line":272,"column":77}},"skip":true},"12":{"name":"(anonymous_12)","line":315,"loc":{"start":{"line":315,"column":32},"end":{"line":315,"column":61}},"skip":true}},"statementMap":{"1":{"start":{"line":26,"column":0},"end":{"line":326,"column":5}},"2":{"start":{"line":28,"column":4},"end":{"line":28,"column":14}},"3":{"start":{"line":33,"column":4},"end":{"line":60,"column":9}},"4":{"start":{"line":35,"column":8},"end":{"line":35,"column":19}},"5":{"start":{"line":37,"column":8},"end":{"line":49,"column":13}},"6":{"start":{"line":38,"column":12},"end":{"line":48,"column":13}},"7":{"start":{"line":39,"column":16},"end":{"line":42,"column":30}},"8":{"start":{"line":44,"column":16},"end":{"line":47,"column":27}},"9":{"start":{"line":51,"column":8},"end":{"line":53,"column":21}},"10":{"start":{"line":55,"column":8},"end":{"line":57,"column":45}},"11":{"start":{"line":59,"column":8},"end":{"line":59,"column":35}},"12":{"start":{"line":61,"column":4},"end":{"line":325,"column":5}},"13":{"start":{"line":69,"column":8},"end":{"line":121,"column":10},"skip":true},"14":{"start":{"line":70,"column":12},"end":{"line":88,"column":13},"skip":true},"15":{"start":{"line":76,"column":16},"end":{"line":87,"column":19},"skip":true},"16":{"start":{"line":79,"column":20},"end":{"line":86,"column":21},"skip":true},"17":{"start":{"line":82,"column":24},"end":{"line":82,"column":43},"skip":true},"18":{"start":{"line":83,"column":24},"end":{"line":83,"column":30},"skip":true},"19":{"start":{"line":85,"column":24},"end":{"line":85,"column":49},"skip":true},"20":{"start":{"line":89,"column":12},"end":{"line":107,"column":13},"skip":true},"21":{"start":{"line":92,"column":16},"end":{"line":102,"column":17},"skip":true},"22":{"start":{"line":93,"column":20},"end":{"line":93,"column":86},"skip":true},"23":{"start":{"line":94,"column":20},"end":{"line":95,"column":45},"skip":true},"24":{"start":{"line":96,"column":20},"end":{"line":96,"column":42},"skip":true},"25":{"start":{"line":97,"column":20},"end":{"line":97,"column":48},"skip":true},"26":{"start":{"line":100,"column":20},"end":{"line":100,"column":85},"skip":true},"27":{"start":{"line":101,"column":20},"end":{"line":101,"column":96},"skip":true},"28":{"start":{"line":103,"column":16},"end":{"line":103,"column":22},"skip":true},"29":{"start":{"line":106,"column":16},"end":{"line":106,"column":22},"skip":true},"30":{"start":{"line":108,"column":12},"end":{"line":120,"column":13},"skip":true},"31":{"start":{"line":114,"column":16},"end":{"line":119,"column":17},"skip":true},"32":{"start":{"line":116,"column":20},"end":{"line":116,"column":78},"skip":true},"33":{"start":{"line":118,"column":20},"end":{"line":118,"column":47},"skip":true},"34":{"start":{"line":123,"column":8},"end":{"line":141,"column":11},"skip":true},"35":{"start":{"line":124,"column":12},"end":{"line":124,"column":54},"skip":true},"36":{"start":{"line":125,"column":12},"end":{"line":140,"column":14},"skip":true},"37":{"start":{"line":126,"column":16},"end":{"line":126,"column":28},"skip":true},"38":{"start":{"line":127,"column":16},"end":{"line":127,"column":69},"skip":true},"39":{"start":{"line":128,"column":16},"end":{"line":128,"column":75},"skip":true},"40":{"start":{"line":129,"column":16},"end":{"line":131,"column":17},"skip":true},"41":{"start":{"line":130,"column":20},"end":{"line":130,"column":27},"skip":true},"42":{"start":{"line":133,"column":16},"end":{"line":137,"column":36},"skip":true},"43":{"start":{"line":134,"column":20},"end":{"line":136,"column":55},"skip":true},"44":{"start":{"line":139,"column":16},"end":{"line":139,"column":57},"skip":true},"45":{"start":{"line":143,"column":8},"end":{"line":147,"column":11},"skip":true},"46":{"start":{"line":144,"column":12},"end":{"line":146,"column":15},"skip":true},"47":{"start":{"line":145,"column":16},"end":{"line":145,"column":70},"skip":true},"48":{"start":{"line":149,"column":8},"end":{"line":149,"column":31},"skip":true},"49":{"start":{"line":150,"column":8},"end":{"line":150,"column":14},"skip":true},"50":{"start":{"line":158,"column":8},"end":{"line":158,"column":31},"skip":true},"51":{"start":{"line":160,"column":8},"end":{"line":160,"column":33},"skip":true},"52":{"start":{"line":161,"column":8},"end":{"line":161,"column":37},"skip":true},"53":{"start":{"line":162,"column":8},"end":{"line":162,"column":35},"skip":true},"54":{"start":{"line":164,"column":8},"end":{"line":164,"column":50},"skip":true},"55":{"start":{"line":166,"column":8},"end":{"line":256,"column":2},"skip":true},"56":{"start":{"line":258,"column":8},"end":{"line":286,"column":9},"skip":true},"57":{"start":{"line":259,"column":12},"end":{"line":269,"column":14},"skip":true},"58":{"start":{"line":271,"column":12},"end":{"line":285,"column":19},"skip":true},"59":{"start":{"line":274,"column":20},"end":{"line":274,"column":35},"skip":true},"60":{"start":{"line":275,"column":20},"end":{"line":284,"column":21},"skip":true},"61":{"start":{"line":277,"column":24},"end":{"line":277,"column":64},"skip":true},"62":{"start":{"line":279,"column":24},"end":{"line":279,"column":40},"skip":true},"63":{"start":{"line":281,"column":24},"end":{"line":281,"column":40},"skip":true},"64":{"start":{"line":283,"column":24},"end":{"line":283,"column":39},"skip":true},"65":{"start":{"line":288,"column":8},"end":{"line":290,"column":9},"skip":true},"66":{"start":{"line":289,"column":12},"end":{"line":289,"column":18},"skip":true},"67":{"start":{"line":291,"column":8},"end":{"line":293,"column":54},"skip":true},"68":{"start":{"line":296,"column":8},"end":{"line":301,"column":37},"skip":true},"69":{"start":{"line":303,"column":8},"end":{"line":303,"column":82},"skip":true},"70":{"start":{"line":306,"column":8},"end":{"line":308,"column":9},"skip":true},"71":{"start":{"line":307,"column":12},"end":{"line":307,"column":82},"skip":true},"72":{"start":{"line":310,"column":8},"end":{"line":312,"column":9},"skip":true},"73":{"start":{"line":311,"column":12},"end":{"line":311,"column":18},"skip":true},"74":{"start":{"line":313,"column":8},"end":{"line":313,"column":54},"skip":true},"75":{"start":{"line":314,"column":8},"end":{"line":314,"column":69},"skip":true},"76":{"start":{"line":315,"column":8},"end":{"line":323,"column":36},"skip":true},"77":{"start":{"line":316,"column":12},"end":{"line":316,"column":61},"skip":true},"78":{"start":{"line":317,"column":12},"end":{"line":320,"column":13},"skip":true},"79":{"start":{"line":318,"column":16},"end":{"line":318,"column":75},"skip":true},"80":{"start":{"line":319,"column":16},"end":{"line":319,"column":23},"skip":true},"81":{"start":{"line":321,"column":12},"end":{"line":321,"column":38},"skip":true},"82":{"start":{"line":322,"column":12},"end":{"line":322,"column":27},"skip":true},"83":{"start":{"line":324,"column":8},"end":{"line":324,"column":14},"skip":true}},"branchMap":{"1":{"line":39,"type":"binary-expr","locations":[{"start":{"line":39,"column":23},"end":{"line":39,"column":62}},{"start":{"line":40,"column":20},"end":{"line":40,"column":70}},{"start":{"line":41,"column":20},"end":{"line":41,"column":71}},{"start":{"line":42,"column":20},"end":{"line":42,"column":29}}]},"2":{"line":44,"type":"binary-expr","locations":[{"start":{"line":44,"column":23},"end":{"line":44,"column":37}},{"start":{"line":45,"column":20},"end":{"line":45,"column":61}},{"start":{"line":46,"column":20},"end":{"line":46,"column":70}},{"start":{"line":47,"column":20},"end":{"line":47,"column":26}}]},"3":{"line":51,"type":"cond-expr","locations":[{"start":{"line":52,"column":14},"end":{"line":52,"column":20}},{"start":{"line":53,"column":14},"end":{"line":53,"column":20}}]},"4":{"line":55,"type":"binary-expr","locations":[{"start":{"line":55,"column":16},"end":{"line":55,"column":44}},{"start":{"line":55,"column":49},"end":{"line":57,"column":43}}]},"5":{"line":55,"type":"cond-expr","locations":[{"start":{"line":56,"column":14},"end":{"line":56,"column":51}},{"start":{"line":57,"column":14},"end":{"line":57,"column":43}}]},"6":{"line":61,"type":"switch","locations":[{"start":{"line":68,"column":4},"end":{"line":150,"column":14},"skip":true},{"start":{"line":156,"column":4},"end":{"line":324,"column":14},"skip":true}]},"7":{"line":70,"type":"if","locations":[{"start":{"line":70,"column":12},"end":{"line":70,"column":12},"skip":true},{"start":{"line":70,"column":12},"end":{"line":70,"column":12},"skip":true}]},"8":{"line":70,"type":"binary-expr","locations":[{"start":{"line":70,"column":16},"end":{"line":70,"column":22},"skip":true},{"start":{"line":70,"column":27},"end":{"line":70,"column":32},"skip":true},{"start":{"line":71,"column":20},"end":{"line":71,"column":39},"skip":true},{"start":{"line":72,"column":20},"end":{"line":72,"column":49},"skip":true},{"start":{"line":73,"column":20},"end":{"line":73,"column":58},"skip":true},{"start":{"line":74,"column":20},"end":{"line":74,"column":69},"skip":true}]},"9":{"line":79,"type":"switch","locations":[{"start":{"line":80,"column":20},"end":{"line":80,"column":33},"skip":true},{"start":{"line":81,"column":20},"end":{"line":83,"column":30},"skip":true},{"start":{"line":84,"column":20},"end":{"line":85,"column":49},"skip":true}]},"10":{"line":89,"type":"switch","locations":[{"start":{"line":90,"column":12},"end":{"line":103,"column":22},"skip":true},{"start":{"line":105,"column":12},"end":{"line":106,"column":22},"skip":true}]},"11":{"line":89,"type":"binary-expr","locations":[{"start":{"line":89,"column":20},"end":{"line":89,"column":25},"skip":true},{"start":{"line":89,"column":29},"end":{"line":89,"column":48},"skip":true},{"start":{"line":89,"column":52},"end":{"line":89,"column":74},"skip":true}]},"12":{"line":92,"type":"if","locations":[{"start":{"line":92,"column":16},"end":{"line":92,"column":16},"skip":true},{"start":{"line":92,"column":16},"end":{"line":92,"column":16},"skip":true}]},"13":{"line":108,"type":"if","locations":[{"start":{"line":108,"column":12},"end":{"line":108,"column":12},"skip":true},{"start":{"line":108,"column":12},"end":{"line":108,"column":12},"skip":true}]},"14":{"line":108,"type":"binary-expr","locations":[{"start":{"line":108,"column":16},"end":{"line":108,"column":61},"skip":true},{"start":{"line":108,"column":66},"end":{"line":108,"column":72},"skip":true},{"start":{"line":108,"column":77},"end":{"line":108,"column":82},"skip":true},{"start":{"line":109,"column":20},"end":{"line":109,"column":39},"skip":true},{"start":{"line":110,"column":20},"end":{"line":110,"column":49},"skip":true},{"start":{"line":111,"column":20},"end":{"line":111,"column":58},"skip":true},{"start":{"line":112,"column":20},"end":{"line":112,"column":68},"skip":true}]},"15":{"line":129,"type":"if","locations":[{"start":{"line":129,"column":16},"end":{"line":129,"column":16},"skip":true},{"start":{"line":129,"column":16},"end":{"line":129,"column":16},"skip":true}]},"16":{"line":134,"type":"cond-expr","locations":[{"start":{"line":135,"column":26},"end":{"line":135,"column":29},"skip":true},{"start":{"line":136,"column":26},"end":{"line":136,"column":54},"skip":true}]},"17":{"line":164,"type":"binary-expr","locations":[{"start":{"line":164,"column":27},"end":{"line":164,"column":43},"skip":true},{"start":{"line":164,"column":47},"end":{"line":164,"column":49},"skip":true}]},"18":{"line":258,"type":"if","locations":[{"start":{"line":258,"column":8},"end":{"line":258,"column":8},"skip":true},{"start":{"line":258,"column":8},"end":{"line":258,"column":8},"skip":true}]},"19":{"line":275,"type":"switch","locations":[{"start":{"line":276,"column":20},"end":{"line":277,"column":64},"skip":true},{"start":{"line":278,"column":20},"end":{"line":279,"column":40},"skip":true},{"start":{"line":280,"column":20},"end":{"line":281,"column":40},"skip":true},{"start":{"line":282,"column":20},"end":{"line":283,"column":39},"skip":true}]},"20":{"line":288,"type":"if","locations":[{"start":{"line":288,"column":8},"end":{"line":288,"column":8},"skip":true},{"start":{"line":288,"column":8},"end":{"line":288,"column":8},"skip":true}]},"21":{"line":288,"type":"binary-expr","locations":[{"start":{"line":288,"column":12},"end":{"line":288,"column":40},"skip":true},{"start":{"line":288,"column":44},"end":{"line":288,"column":67},"skip":true}]},"22":{"line":292,"type":"binary-expr","locations":[{"start":{"line":292,"column":12},"end":{"line":292,"column":50},"skip":true},{"start":{"line":293,"column":12},"end":{"line":293,"column":53},"skip":true}]},"23":{"line":297,"type":"binary-expr","locations":[{"start":{"line":297,"column":12},"end":{"line":297,"column":65},"skip":true},{"start":{"line":298,"column":12},"end":{"line":301,"column":36},"skip":true}]},"24":{"line":303,"type":"binary-expr","locations":[{"start":{"line":303,"column":43},"end":{"line":303,"column":75},"skip":true},{"start":{"line":303,"column":79},"end":{"line":303,"column":81},"skip":true}]},"25":{"line":306,"type":"if","locations":[{"start":{"line":306,"column":8},"end":{"line":306,"column":8},"skip":true},{"start":{"line":306,"column":8},"end":{"line":306,"column":8},"skip":true}]},"26":{"line":310,"type":"if","locations":[{"start":{"line":310,"column":8},"end":{"line":310,"column":8},"skip":true},{"start":{"line":310,"column":8},"end":{"line":310,"column":8},"skip":true}]},"27":{"line":313,"type":"binary-expr","locations":[{"start":{"line":313,"column":27},"end":{"line":313,"column":43},"skip":true},{"start":{"line":313,"column":47},"end":{"line":313,"column":53},"skip":true}]},"28":{"line":317,"type":"if","locations":[{"start":{"line":317,"column":12},"end":{"line":317,"column":12},"skip":true},{"start":{"line":317,"column":12},"end":{"line":317,"column":12},"skip":true}]}},"code":["/*","example.js","","quickstart example","","instruction","    1. save this script as example.js","    2. run the shell command:","        $ npm install npmtest-segment && PORT=8081 node example.js","    3. play with the browser-demo on http://127.0.0.1:8081","*/","","","","/* istanbul instrument in package npmtest_segment */","/*jslint","    bitwise: true,","    browser: true,","    maxerr: 8,","    maxlen: 96,","    node: true,","    nomen: true,","    regexp: true,","    stupid: true","*/","(function () {","    'use strict';","    var local;","","","","    // run shared js-env code - pre-init","    (function () {","        // init local","        local = {};","        // init modeJs","        local.modeJs = (function () {","            try {","                return typeof navigator.userAgent === 'string' &&","                    typeof document.querySelector('body') === 'object' &&","                    typeof XMLHttpRequest.prototype.open === 'function' &&","                    'browser';","            } catch (errorCaughtBrowser) {","                return module.exports &&","                    typeof process.versions.node === 'string' &&","                    typeof require('http').createServer === 'function' &&","                    'node';","            }","        }());","        // init global","        local.global = local.modeJs === 'browser'","            ? window","            : global;","        // init utility2_rollup","        local = local.global.utility2_rollup || (local.modeJs === 'browser'","            ? local.global.utility2_npmtest_segment","            : global.utility2_moduleExports);","        // export local","        local.global.local = local;","    }());","    switch (local.modeJs) {","","","","    // post-init","    // run browser js-env code - post-init","    /* istanbul ignore next */","    case 'browser':","        local.testRunBrowser = function (event) {","            if (!event || (event &&","                    event.currentTarget &&","                    event.currentTarget.className &&","                    event.currentTarget.className.includes &&","                    event.currentTarget.className.includes('onreset'))) {","                // reset output","                Array.from(","                    document.querySelectorAll('body > .resettable')","                ).forEach(function (element) {","                    switch (element.tagName) {","                    case 'INPUT':","                    case 'TEXTAREA':","                        element.value = '';","                        break;","                    default:","                        element.textContent = '';","                    }","                });","            }","            switch (event && event.currentTarget && event.currentTarget.id) {","            case 'testRunButton1':","                // show tests","                if (document.querySelector('#testReportDiv1').style.display === 'none') {","                    document.querySelector('#testReportDiv1').style.display = 'block';","                    document.querySelector('#testRunButton1').textContent =","                        'hide internal test';","                    local.modeTest = true;","                    local.testRunDefault(local);","                // hide tests","                } else {","                    document.querySelector('#testReportDiv1').style.display = 'none';","                    document.querySelector('#testRunButton1').textContent = 'run internal test';","                }","                break;","            // custom-case","            default:","                break;","            }","            if (document.querySelector('#inputTextareaEval1') && (!event || (event &&","                    event.currentTarget &&","                    event.currentTarget.className &&","                    event.currentTarget.className.includes &&","                    event.currentTarget.className.includes('oneval')))) {","                // try to eval input-code","                try {","                    /*jslint evil: true*/","                    eval(document.querySelector('#inputTextareaEval1').value);","                } catch (errorCaught) {","                    console.error(errorCaught);","                }","            }","        };","        // log stderr and stdout to #outputTextareaStdout1","        ['error', 'log'].forEach(function (key) {","            console[key + '_original'] = console[key];","            console[key] = function () {","                var element;","                console[key + '_original'].apply(console, arguments);","                element = document.querySelector('#outputTextareaStdout1');","                if (!element) {","                    return;","                }","                // append text to #outputTextareaStdout1","                element.value += Array.from(arguments).map(function (arg) {","                    return typeof arg === 'string'","                        ? arg","                        : JSON.stringify(arg, null, 4);","                }).join(' ') + '\\n';","                // scroll textarea to bottom","                element.scrollTop = element.scrollHeight;","            };","        });","        // init event-handling","        ['change', 'click', 'keyup'].forEach(function (event) {","            Array.from(document.querySelectorAll('.on' + event)).forEach(function (element) {","                element.addEventListener(event, local.testRunBrowser);","            });","        });","        // run tests","        local.testRunBrowser();","        break;","","","","    // run node js-env code - post-init","    /* istanbul ignore next */","    case 'node':","        // export local","        module.exports = local;","        // require modules","        local.fs = require('fs');","        local.http = require('http');","        local.url = require('url');","        // init assets","        local.assetsDict = local.assetsDict || {};","        /* jslint-ignore-begin */","        local.assetsDict['/assets.index.template.html'] = '\\","<!doctype html>\\n\\","<html lang=\"en\">\\n\\","<head>\\n\\","<meta charset=\"UTF-8\">\\n\\","<meta name=\"viewport\" content=\"width=device-width, initial-scale=1\">\\n\\","<title>{{env.npm_package_name}} (v{{env.npm_package_version}})</title>\\n\\","<style>\\n\\","/*csslint\\n\\","    box-sizing: false,\\n\\","    universal-selector: false\\n\\","*/\\n\\","* {\\n\\","    box-sizing: border-box;\\n\\","}\\n\\","body {\\n\\","    background: #dde;\\n\\","    font-family: Arial, Helvetica, sans-serif;\\n\\","    margin: 2rem;\\n\\","}\\n\\","body > * {\\n\\","    margin-bottom: 1rem;\\n\\","}\\n\\",".utility2FooterDiv {\\n\\","    margin-top: 20px;\\n\\","    text-align: center;\\n\\","}\\n\\","</style>\\n\\","<style>\\n\\","/*csslint\\n\\","*/\\n\\","textarea {\\n\\","    font-family: monospace;\\n\\","    height: 10rem;\\n\\","    width: 100%;\\n\\","}\\n\\","textarea[readonly] {\\n\\","    background: #ddd;\\n\\","}\\n\\","</style>\\n\\","</head>\\n\\","<body>\\n\\","<!-- utility2-comment\\n\\","<div id=\"ajaxProgressDiv1\" style=\"background: #d00; height: 2px; left: 0; margin: 0; padding: 0; position: fixed; top: 0; transition: background 0.5s, width 1.5s; width: 25%;\"></div>\\n\\","utility2-comment -->\\n\\","<h1>\\n\\","<!-- utility2-comment\\n\\","    <a\\n\\","        {{#if env.npm_package_homepage}}\\n\\","        href=\"{{env.npm_package_homepage}}\"\\n\\","        {{/if env.npm_package_homepage}}\\n\\","        target=\"_blank\"\\n\\","    >\\n\\","utility2-comment -->\\n\\","        {{env.npm_package_name}} (v{{env.npm_package_version}})\\n\\","<!-- utility2-comment\\n\\","    </a>\\n\\","utility2-comment -->\\n\\","</h1>\\n\\","<h3>{{env.npm_package_description}}</h3>\\n\\","<!-- utility2-comment\\n\\","<h4><a download href=\"assets.app.js\">download standalone app</a></h4>\\n\\","<button class=\"onclick onreset\" id=\"testRunButton1\">run internal test</button><br>\\n\\","<div id=\"testReportDiv1\" style=\"display: none;\"></div>\\n\\","utility2-comment -->\\n\\","\\n\\","\\n\\","\\n\\","<label>stderr and stdout</label>\\n\\","<textarea class=\"resettable\" id=\"outputTextareaStdout1\" readonly></textarea>\\n\\","<!-- utility2-comment\\n\\","{{#if isRollup}}\\n\\","<script src=\"assets.app.js\"></script>\\n\\","{{#unless isRollup}}\\n\\","utility2-comment -->\\n\\","<script src=\"assets.utility2.rollup.js\"></script>\\n\\","<script src=\"jsonp.utility2._stateInit?callback=window.utility2._stateInit\"></script>\\n\\","<script src=\"assets.npmtest_segment.rollup.js\"></script>\\n\\","<script src=\"assets.example.js\"></script>\\n\\","<script src=\"assets.test.js\"></script>\\n\\","<!-- utility2-comment\\n\\","{{/if isRollup}}\\n\\","utility2-comment -->\\n\\","<div class=\"utility2FooterDiv\">\\n\\","    [ this app was created with\\n\\","    <a href=\"https://github.com/kaizhu256/node-utility2\" target=\"_blank\">utility2</a>\\n\\","    ]\\n\\","</div>\\n\\","</body>\\n\\","</html>\\n\\","';","        /* jslint-ignore-end */","        if (local.templateRender) {","            local.assetsDict['/'] = local.templateRender(","                local.assetsDict['/assets.index.template.html'],","                {","                    env: local.objectSetDefault(local.env, {","                        npm_package_description: 'the greatest app in the world!',","                        npm_package_name: 'my-app',","                        npm_package_nameAlias: 'my_app',","                        npm_package_version: '0.0.1'","                    })","                }","            );","        } else {","            local.assetsDict['/'] = local.assetsDict['/assets.index.template.html']","                .replace((/\\{\\{env\\.(\\w+?)\\}\\}/g), function (match0, match1) {","                    // jslint-hack","                    String(match0);","                    switch (match1) {","                    case 'npm_package_description':","                        return 'the greatest app in the world!';","                    case 'npm_package_name':","                        return 'my-app';","                    case 'npm_package_nameAlias':","                        return 'my_app';","                    case 'npm_package_version':","                        return '0.0.1';","                    }","                });","        }","        // run the cli","        if (local.global.utility2_rollup || module !== require.main) {","            break;","        }","        local.assetsDict['/assets.example.js'] =","            local.assetsDict['/assets.example.js'] ||","            local.fs.readFileSync(__filename, 'utf8');","        // bug-workaround - long $npm_package_buildCustomOrg","        /* jslint-ignore-begin */","        local.assetsDict['/assets.npmtest_segment.rollup.js'] =","            local.assetsDict['/assets.npmtest_segment.rollup.js'] ||","            local.fs.readFileSync(","                local.npmtest_segment.__dirname + '/lib.npmtest_segment.js',","                'utf8'","            ).replace((/^#!/), '//');","        /* jslint-ignore-end */","        local.assetsDict['/favicon.ico'] = local.assetsDict['/favicon.ico'] || '';","        // if $npm_config_timeout_exit exists,","        // then exit this process after $npm_config_timeout_exit ms","        if (Number(process.env.npm_config_timeout_exit)) {","            setTimeout(process.exit, Number(process.env.npm_config_timeout_exit));","        }","        // start server","        if (local.global.utility2_serverHttp1) {","            break;","        }","        process.env.PORT = process.env.PORT || '8081';","        console.error('server starting on port ' + process.env.PORT);","        local.http.createServer(function (request, response) {","            request.urlParsed = local.url.parse(request.url);","            if (local.assetsDict[request.urlParsed.pathname] !== undefined) {","                response.end(local.assetsDict[request.urlParsed.pathname]);","                return;","            }","            response.statusCode = 404;","            response.end();","        }).listen(process.env.PORT);","        break;","    }","}());",""],"l":{"26":2,"28":2,"33":2,"35":2,"37":2,"38":2,"39":2,"44":1,"51":2,"55":2,"59":2,"61":2,"69":1,"70":2,"76":2,"79":2,"82":2,"83":2,"85":1,"89":2,"92":1,"93":1,"94":1,"96":1,"97":1,"100":1,"101":1,"103":1,"106":1,"108":2,"114":1,"116":1,"118":1,"123":1,"124":2,"125":2,"126":3,"127":3,"128":3,"129":3,"130":1,"133":3,"134":3,"139":3,"143":1,"144":3,"145":1,"149":1,"150":1,"158":1,"160":1,"161":1,"162":1,"164":1,"166":1,"258":1,"259":1,"271":1,"274":6,"275":6,"277":1,"279":2,"281":1,"283":2,"288":1,"289":1,"291":1,"296":1,"303":1,"306":1,"307":1,"310":1,"311":1,"313":1,"314":1,"315":1,"316":1,"317":1,"318":1,"319":1,"321":1,"322":1,"324":1}},"/home/travis/build/npmtest/node-npmtest-segment/node_modules/segment/index.js":{"path":"/home/travis/build/npmtest/node-npmtest-segment/node_modules/segment/index.js","s":{"1":1,"2":1,"3":1,"4":1,"5":1},"b":{},"f":{},"fnMap":{},"statementMap":{"1":{"start":{"line":10,"column":0},"end":{"line":10,"column":39}},"2":{"start":{"line":11,"column":0},"end":{"line":11,"column":35}},"3":{"start":{"line":12,"column":0},"end":{"line":12,"column":26}},"4":{"start":{"line":15,"column":0},"end":{"line":15,"column":41}},"5":{"start":{"line":18,"column":0},"end":{"line":18,"column":52}}},"branchMap":{},"code":["'use strict';","","/**"," * 中文分词器"," *"," * @author 老雷<leizongmin@gmail.com>"," */","","// 分词接口","var Segment = require('./lib/Segment');","module.exports = exports = Segment;","exports.Segment = Segment;","","// 词性接口","exports.POSTAG = require('./lib/POSTAG');","","// 版本","exports.version = require('./package.json').version;","","/*","使用示例：","","var segment = new Segment();","// 使用默认的识别模块及字典","segment.useDefault();","// 开始分词","console.log(segment.doSegment('这是一个基于Node.js的中文分词模块。'));","","*/"],"l":{"10":1,"11":1,"12":1,"15":1,"18":1}},"/home/travis/build/npmtest/node-npmtest-segment/node_modules/segment/lib/Segment.js":{"path":"/home/travis/build/npmtest/node-npmtest-segment/node_modules/segment/lib/Segment.js","s":{"1":1,"2":1,"3":1,"4":1,"5":1,"6":1,"7":1,"8":0,"9":0,"10":0,"11":0,"12":0,"13":1,"14":0,"15":0,"16":0,"17":0,"18":0,"19":0,"20":0,"21":0,"22":0,"23":0,"24":0,"25":0,"26":1,"27":0,"28":0,"29":0,"30":0,"31":0,"32":0,"33":1,"34":0,"35":0,"36":0,"37":0,"38":0,"39":0,"40":0,"41":0,"42":0,"43":0,"44":0,"45":0,"46":0,"47":0,"48":0,"49":0,"50":0,"51":0,"52":0,"53":0,"54":0,"55":0,"56":0,"57":0,"58":0,"59":1,"60":0,"61":1,"62":0,"63":0,"64":0,"65":0,"66":0,"67":0,"68":0,"69":0,"70":0,"71":0,"72":0,"73":0,"74":0,"75":0,"76":0,"77":1,"78":0,"79":0,"80":0,"81":0,"82":0,"83":0,"84":0,"85":0,"86":0,"87":0,"88":0,"89":1,"90":0,"91":0,"92":1,"93":0,"94":0,"95":0,"96":0,"97":0,"98":0,"99":0,"100":0,"101":0,"102":0,"103":0,"104":0,"105":0,"106":0,"107":1,"108":0,"109":0,"110":0,"111":0,"112":0,"113":0,"114":0,"115":0,"116":0,"117":0,"118":0,"119":0,"120":0,"121":0,"122":0,"123":0,"124":0,"125":0,"126":0,"127":0,"128":1,"129":0,"130":0,"131":1,"132":0,"133":0,"134":0,"135":0,"136":0,"137":0,"138":0,"139":0,"140":0,"141":0,"142":0,"143":0,"144":0,"145":0,"146":0,"147":1,"148":0,"149":0,"150":0,"151":0,"152":0,"153":0,"154":0},"b":{"1":[0,0],"2":[0,0],"3":[0,0],"4":[0,0],"5":[0,0],"6":[0,0],"7":[0,0],"8":[0,0],"9":[0,0],"10":[0,0],"11":[0,0],"12":[0,0],"13":[0,0],"14":[0,0],"15":[0,0],"16":[0,0],"17":[0,0],"18":[0,0],"19":[0,0],"20":[0,0],"21":[0,0],"22":[0,0],"23":[0,0],"24":[0,0],"25":[0,0],"26":[0,0],"27":[0,0],"28":[0,0],"29":[0,0],"30":[0,0],"31":[0,0],"32":[0,0]},"f":{"1":0,"2":0,"3":0,"4":0,"5":0,"6":0,"7":0,"8":0,"9":0,"10":0,"11":0,"12":0,"13":0,"14":0,"15":0,"16":0,"17":0,"18":0,"19":0,"20":0,"21":0,"22":0,"23":0},"fnMap":{"1":{"name":"(anonymous_1)","line":21,"loc":{"start":{"line":21,"column":31},"end":{"line":21,"column":43}}},"2":{"name":"(anonymous_2)","line":38,"loc":{"start":{"line":38,"column":24},"end":{"line":38,"column":42}}},"3":{"name":"(anonymous_3)","line":42,"loc":{"start":{"line":42,"column":19},"end":{"line":42,"column":37}}},"4":{"name":"(anonymous_4)","line":63,"loc":{"start":{"line":63,"column":41},"end":{"line":63,"column":57}}},"5":{"name":"(anonymous_5)","line":82,"loc":{"start":{"line":82,"column":29},"end":{"line":82,"column":69}}},"6":{"name":"(anonymous_6)","line":96,"loc":{"start":{"line":96,"column":30},"end":{"line":96,"column":46}}},"7":{"name":"(anonymous_7)","line":121,"loc":{"start":{"line":121,"column":28},"end":{"line":121,"column":44}}},"8":{"name":"(anonymous_8)","line":130,"loc":{"start":{"line":130,"column":36},"end":{"line":130,"column":52}}},"9":{"name":"(anonymous_9)","line":140,"loc":{"start":{"line":140,"column":30},"end":{"line":140,"column":46}}},"10":{"name":"(anonymous_10)","line":160,"loc":{"start":{"line":160,"column":37},"end":{"line":160,"column":53}}},"11":{"name":"(anonymous_11)","line":170,"loc":{"start":{"line":170,"column":30},"end":{"line":170,"column":46}}},"12":{"name":"(anonymous_12)","line":185,"loc":{"start":{"line":185,"column":31},"end":{"line":185,"column":43}}},"13":{"name":"(anonymous_13)","line":226,"loc":{"start":{"line":226,"column":30},"end":{"line":226,"column":55}}},"14":{"name":"(anonymous_14)","line":232,"loc":{"start":{"line":232,"column":54},"end":{"line":232,"column":73}}},"15":{"name":"(anonymous_15)","line":249,"loc":{"start":{"line":249,"column":21},"end":{"line":249,"column":37}}},"16":{"name":"convertSynonym","line":255,"loc":{"start":{"line":255,"column":2},"end":{"line":255,"column":33}}},"17":{"name":"(anonymous_17)","line":258,"loc":{"start":{"line":258,"column":20},"end":{"line":258,"column":36}}},"18":{"name":"(anonymous_18)","line":278,"loc":{"start":{"line":278,"column":21},"end":{"line":278,"column":37}}},"19":{"name":"(anonymous_19)","line":285,"loc":{"start":{"line":285,"column":18},"end":{"line":285,"column":34}}},"20":{"name":"(anonymous_20)","line":299,"loc":{"start":{"line":299,"column":28},"end":{"line":299,"column":45}}},"21":{"name":"(anonymous_21)","line":300,"loc":{"start":{"line":300,"column":19},"end":{"line":300,"column":35}}},"22":{"name":"(anonymous_22)","line":312,"loc":{"start":{"line":312,"column":26},"end":{"line":312,"column":46}}},"23":{"name":"(anonymous_23)","line":343,"loc":{"start":{"line":343,"column":28},"end":{"line":343,"column":53}}}},"statementMap":{"1":{"start":{"line":9,"column":0},"end":{"line":9,"column":23}},"2":{"start":{"line":10,"column":0},"end":{"line":10,"column":27}},"3":{"start":{"line":11,"column":0},"end":{"line":11,"column":33}},"4":{"start":{"line":12,"column":0},"end":{"line":12,"column":39}},"5":{"start":{"line":13,"column":0},"end":{"line":13,"column":39}},"6":{"start":{"line":15,"column":0},"end":{"line":15,"column":24}},"7":{"start":{"line":21,"column":0},"end":{"line":30,"column":2}},"8":{"start":{"line":22,"column":2},"end":{"line":22,"column":23}},"9":{"start":{"line":23,"column":2},"end":{"line":23,"column":17}},"10":{"start":{"line":24,"column":2},"end":{"line":27,"column":4}},"11":{"start":{"line":28,"column":2},"end":{"line":28,"column":39}},"12":{"start":{"line":29,"column":2},"end":{"line":29,"column":39}},"13":{"start":{"line":38,"column":0},"end":{"line":61,"column":2}},"14":{"start":{"line":39,"column":2},"end":{"line":39,"column":16}},"15":{"start":{"line":41,"column":2},"end":{"line":58,"column":3}},"16":{"start":{"line":42,"column":4},"end":{"line":44,"column":7}},"17":{"start":{"line":43,"column":6},"end":{"line":43,"column":24}},"18":{"start":{"line":47,"column":4},"end":{"line":54,"column":5}},"19":{"start":{"line":48,"column":6},"end":{"line":48,"column":71}},"20":{"start":{"line":49,"column":6},"end":{"line":53,"column":7}},"21":{"start":{"line":50,"column":8},"end":{"line":50,"column":60}},"22":{"start":{"line":52,"column":8},"end":{"line":52,"column":35}},"23":{"start":{"line":56,"column":4},"end":{"line":56,"column":22}},"24":{"start":{"line":57,"column":4},"end":{"line":57,"column":43}},"25":{"start":{"line":60,"column":2},"end":{"line":60,"column":14}},"26":{"start":{"line":63,"column":0},"end":{"line":72,"column":2}},"27":{"start":{"line":64,"column":2},"end":{"line":64,"column":36}},"28":{"start":{"line":65,"column":2},"end":{"line":70,"column":3}},"29":{"start":{"line":66,"column":4},"end":{"line":66,"column":61}},"30":{"start":{"line":67,"column":4},"end":{"line":69,"column":5}},"31":{"start":{"line":68,"column":6},"end":{"line":68,"column":63}},"32":{"start":{"line":71,"column":2},"end":{"line":71,"column":18}},"33":{"start":{"line":82,"column":0},"end":{"line":113,"column":2}},"34":{"start":{"line":83,"column":2},"end":{"line":83,"column":49}},"35":{"start":{"line":84,"column":2},"end":{"line":84,"column":29}},"36":{"start":{"line":84,"column":14},"end":{"line":84,"column":29}},"37":{"start":{"line":87,"column":2},"end":{"line":87,"column":45}},"38":{"start":{"line":87,"column":24},"end":{"line":87,"column":45}},"39":{"start":{"line":88,"column":2},"end":{"line":88,"column":57}},"40":{"start":{"line":88,"column":30},"end":{"line":88,"column":57}},"41":{"start":{"line":89,"column":2},"end":{"line":89,"column":30}},"42":{"start":{"line":90,"column":2},"end":{"line":90,"column":37}},"43":{"start":{"line":92,"column":2},"end":{"line":92,"column":27}},"44":{"start":{"line":93,"column":2},"end":{"line":93,"column":47}},"45":{"start":{"line":94,"column":2},"end":{"line":94,"column":50}},"46":{"start":{"line":94,"column":24},"end":{"line":94,"column":50}},"47":{"start":{"line":96,"column":2},"end":{"line":110,"column":5}},"48":{"start":{"line":97,"column":4},"end":{"line":97,"column":33}},"49":{"start":{"line":98,"column":4},"end":{"line":109,"column":5}},"50":{"start":{"line":99,"column":6},"end":{"line":99,"column":31}},"51":{"start":{"line":100,"column":6},"end":{"line":100,"column":32}},"52":{"start":{"line":101,"column":6},"end":{"line":101,"column":32}},"53":{"start":{"line":104,"column":6},"end":{"line":108,"column":7}},"54":{"start":{"line":105,"column":8},"end":{"line":105,"column":32}},"55":{"start":{"line":106,"column":8},"end":{"line":106,"column":53}},"56":{"start":{"line":106,"column":31},"end":{"line":106,"column":53}},"57":{"start":{"line":107,"column":8},"end":{"line":107,"column":39}},"58":{"start":{"line":112,"column":2},"end":{"line":112,"column":14}},"59":{"start":{"line":121,"column":0},"end":{"line":123,"column":2}},"60":{"start":{"line":122,"column":2},"end":{"line":122,"column":25}},"61":{"start":{"line":130,"column":0},"end":{"line":153,"column":2}},"62":{"start":{"line":131,"column":2},"end":{"line":131,"column":49}},"63":{"start":{"line":132,"column":2},"end":{"line":132,"column":23}},"64":{"start":{"line":135,"column":2},"end":{"line":135,"column":45}},"65":{"start":{"line":135,"column":24},"end":{"line":135,"column":45}},"66":{"start":{"line":136,"column":2},"end":{"line":136,"column":30}},"67":{"start":{"line":138,"column":2},"end":{"line":138,"column":47}},"68":{"start":{"line":140,"column":2},"end":{"line":150,"column":5}},"69":{"start":{"line":141,"column":4},"end":{"line":141,"column":33}},"70":{"start":{"line":142,"column":4},"end":{"line":149,"column":5}},"71":{"start":{"line":143,"column":6},"end":{"line":143,"column":32}},"72":{"start":{"line":144,"column":6},"end":{"line":144,"column":32}},"73":{"start":{"line":145,"column":6},"end":{"line":145,"column":21}},"74":{"start":{"line":146,"column":6},"end":{"line":148,"column":7}},"75":{"start":{"line":147,"column":8},"end":{"line":147,"column":25}},"76":{"start":{"line":152,"column":2},"end":{"line":152,"column":14}},"77":{"start":{"line":160,"column":0},"end":{"line":178,"column":2}},"78":{"start":{"line":161,"column":2},"end":{"line":161,"column":49}},"79":{"start":{"line":162,"column":2},"end":{"line":162,"column":24}},"80":{"start":{"line":165,"column":2},"end":{"line":165,"column":45}},"81":{"start":{"line":165,"column":24},"end":{"line":165,"column":45}},"82":{"start":{"line":166,"column":2},"end":{"line":166,"column":30}},"83":{"start":{"line":168,"column":2},"end":{"line":168,"column":47}},"84":{"start":{"line":170,"column":2},"end":{"line":175,"column":5}},"85":{"start":{"line":171,"column":4},"end":{"line":171,"column":23}},"86":{"start":{"line":172,"column":4},"end":{"line":174,"column":5}},"87":{"start":{"line":173,"column":6},"end":{"line":173,"column":25}},"88":{"start":{"line":177,"column":2},"end":{"line":177,"column":14}},"89":{"start":{"line":185,"column":0},"end":{"line":213,"column":2}},"90":{"start":{"line":186,"column":2},"end":{"line":211,"column":3}},"91":{"start":{"line":212,"column":2},"end":{"line":212,"column":14}},"92":{"start":{"line":226,"column":0},"end":{"line":291,"column":2}},"93":{"start":{"line":227,"column":2},"end":{"line":227,"column":16}},"94":{"start":{"line":228,"column":2},"end":{"line":228,"column":26}},"95":{"start":{"line":229,"column":2},"end":{"line":229,"column":15}},"96":{"start":{"line":232,"column":2},"end":{"line":245,"column":5}},"97":{"start":{"line":233,"column":4},"end":{"line":233,"column":33}},"98":{"start":{"line":234,"column":4},"end":{"line":234,"column":35}},"99":{"start":{"line":234,"column":28},"end":{"line":234,"column":35}},"100":{"start":{"line":237,"column":4},"end":{"line":237,"column":65}},"101":{"start":{"line":240,"column":4},"end":{"line":240,"column":63}},"102":{"start":{"line":244,"column":4},"end":{"line":244,"column":48}},"103":{"start":{"line":244,"column":25},"end":{"line":244,"column":48}},"104":{"start":{"line":248,"column":2},"end":{"line":252,"column":3}},"105":{"start":{"line":249,"column":4},"end":{"line":251,"column":7}},"106":{"start":{"line":250,"column":6},"end":{"line":250,"column":35}},"107":{"start":{"line":255,"column":2},"end":{"line":267,"column":3}},"108":{"start":{"line":256,"column":4},"end":{"line":256,"column":18}},"109":{"start":{"line":257,"column":4},"end":{"line":257,"column":38}},"110":{"start":{"line":258,"column":4},"end":{"line":265,"column":7}},"111":{"start":{"line":259,"column":6},"end":{"line":264,"column":7}},"112":{"start":{"line":260,"column":8},"end":{"line":260,"column":16}},"113":{"start":{"line":261,"column":8},"end":{"line":261,"column":45}},"114":{"start":{"line":263,"column":8},"end":{"line":263,"column":20}},"115":{"start":{"line":266,"column":4},"end":{"line":266,"column":38}},"116":{"start":{"line":268,"column":2},"end":{"line":273,"column":3}},"117":{"start":{"line":269,"column":4},"end":{"line":272,"column":31}},"118":{"start":{"line":270,"column":6},"end":{"line":270,"column":39}},"119":{"start":{"line":271,"column":6},"end":{"line":271,"column":24}},"120":{"start":{"line":276,"column":2},"end":{"line":281,"column":3}},"121":{"start":{"line":277,"column":4},"end":{"line":277,"column":42}},"122":{"start":{"line":278,"column":4},"end":{"line":280,"column":7}},"123":{"start":{"line":279,"column":6},"end":{"line":279,"column":35}},"124":{"start":{"line":284,"column":2},"end":{"line":288,"column":3}},"125":{"start":{"line":285,"column":4},"end":{"line":287,"column":7}},"126":{"start":{"line":286,"column":6},"end":{"line":286,"column":20}},"127":{"start":{"line":290,"column":2},"end":{"line":290,"column":13}},"128":{"start":{"line":299,"column":0},"end":{"line":303,"column":2}},"129":{"start":{"line":300,"column":2},"end":{"line":302,"column":14}},"130":{"start":{"line":301,"column":4},"end":{"line":301,"column":18}},"131":{"start":{"line":312,"column":0},"end":{"line":333,"column":2}},"132":{"start":{"line":313,"column":2},"end":{"line":313,"column":15}},"133":{"start":{"line":314,"column":2},"end":{"line":314,"column":16}},"134":{"start":{"line":315,"column":2},"end":{"line":315,"column":12}},"135":{"start":{"line":316,"column":2},"end":{"line":316,"column":44}},"136":{"start":{"line":318,"column":2},"end":{"line":327,"column":3}},"137":{"start":{"line":319,"column":4},"end":{"line":326,"column":5}},"138":{"start":{"line":320,"column":6},"end":{"line":320,"column":53}},"139":{"start":{"line":320,"column":21},"end":{"line":320,"column":53}},"140":{"start":{"line":321,"column":6},"end":{"line":321,"column":38}},"141":{"start":{"line":322,"column":6},"end":{"line":322,"column":10}},"142":{"start":{"line":323,"column":6},"end":{"line":323,"column":16}},"143":{"start":{"line":325,"column":6},"end":{"line":325,"column":10}},"144":{"start":{"line":328,"column":2},"end":{"line":330,"column":3}},"145":{"start":{"line":329,"column":4},"end":{"line":329,"column":47}},"146":{"start":{"line":332,"column":2},"end":{"line":332,"column":13}},"147":{"start":{"line":343,"column":0},"end":{"line":353,"column":2}},"148":{"start":{"line":344,"column":2},"end":{"line":344,"column":29}},"149":{"start":{"line":345,"column":2},"end":{"line":345,"column":44}},"150":{"start":{"line":347,"column":2},"end":{"line":350,"column":3}},"151":{"start":{"line":348,"column":4},"end":{"line":348,"column":39}},"152":{"start":{"line":348,"column":28},"end":{"line":348,"column":39}},"153":{"start":{"line":349,"column":4},"end":{"line":349,"column":10}},"154":{"start":{"line":352,"column":2},"end":{"line":352,"column":12}}},"branchMap":{"1":{"line":41,"type":"if","locations":[{"start":{"line":41,"column":2},"end":{"line":41,"column":2}},{"start":{"line":41,"column":2},"end":{"line":41,"column":2}}]},"2":{"line":47,"type":"if","locations":[{"start":{"line":47,"column":4},"end":{"line":47,"column":4}},{"start":{"line":47,"column":4},"end":{"line":47,"column":4}}]},"3":{"line":49,"type":"if","locations":[{"start":{"line":49,"column":6},"end":{"line":49,"column":6}},{"start":{"line":49,"column":6},"end":{"line":49,"column":6}}]},"4":{"line":65,"type":"if","locations":[{"start":{"line":65,"column":2},"end":{"line":65,"column":2}},{"start":{"line":65,"column":2},"end":{"line":65,"column":2}}]},"5":{"line":67,"type":"if","locations":[{"start":{"line":67,"column":4},"end":{"line":67,"column":4}},{"start":{"line":67,"column":4},"end":{"line":67,"column":4}}]},"6":{"line":84,"type":"if","locations":[{"start":{"line":84,"column":2},"end":{"line":84,"column":2}},{"start":{"line":84,"column":2},"end":{"line":84,"column":2}}]},"7":{"line":87,"type":"if","locations":[{"start":{"line":87,"column":2},"end":{"line":87,"column":2}},{"start":{"line":87,"column":2},"end":{"line":87,"column":2}}]},"8":{"line":88,"type":"if","locations":[{"start":{"line":88,"column":2},"end":{"line":88,"column":2}},{"start":{"line":88,"column":2},"end":{"line":88,"column":2}}]},"9":{"line":94,"type":"if","locations":[{"start":{"line":94,"column":2},"end":{"line":94,"column":2}},{"start":{"line":94,"column":2},"end":{"line":94,"column":2}}]},"10":{"line":98,"type":"if","locations":[{"start":{"line":98,"column":4},"end":{"line":98,"column":4}},{"start":{"line":98,"column":4},"end":{"line":98,"column":4}}]},"11":{"line":104,"type":"if","locations":[{"start":{"line":104,"column":6},"end":{"line":104,"column":6}},{"start":{"line":104,"column":6},"end":{"line":104,"column":6}}]},"12":{"line":106,"type":"if","locations":[{"start":{"line":106,"column":8},"end":{"line":106,"column":8}},{"start":{"line":106,"column":8},"end":{"line":106,"column":8}}]},"13":{"line":135,"type":"if","locations":[{"start":{"line":135,"column":2},"end":{"line":135,"column":2}},{"start":{"line":135,"column":2},"end":{"line":135,"column":2}}]},"14":{"line":142,"type":"if","locations":[{"start":{"line":142,"column":4},"end":{"line":142,"column":4}},{"start":{"line":142,"column":4},"end":{"line":142,"column":4}}]},"15":{"line":146,"type":"if","locations":[{"start":{"line":146,"column":6},"end":{"line":146,"column":6}},{"start":{"line":146,"column":6},"end":{"line":146,"column":6}}]},"16":{"line":165,"type":"if","locations":[{"start":{"line":165,"column":2},"end":{"line":165,"column":2}},{"start":{"line":165,"column":2},"end":{"line":165,"column":2}}]},"17":{"line":172,"type":"if","locations":[{"start":{"line":172,"column":4},"end":{"line":172,"column":4}},{"start":{"line":172,"column":4},"end":{"line":172,"column":4}}]},"18":{"line":228,"type":"binary-expr","locations":[{"start":{"line":228,"column":12},"end":{"line":228,"column":19}},{"start":{"line":228,"column":23},"end":{"line":228,"column":25}}]},"19":{"line":234,"type":"if","locations":[{"start":{"line":234,"column":4},"end":{"line":234,"column":4}},{"start":{"line":234,"column":4},"end":{"line":234,"column":4}}]},"20":{"line":244,"type":"if","locations":[{"start":{"line":244,"column":4},"end":{"line":244,"column":4}},{"start":{"line":244,"column":4},"end":{"line":244,"column":4}}]},"21":{"line":248,"type":"if","locations":[{"start":{"line":248,"column":2},"end":{"line":248,"column":2}},{"start":{"line":248,"column":2},"end":{"line":248,"column":2}}]},"22":{"line":259,"type":"if","locations":[{"start":{"line":259,"column":6},"end":{"line":259,"column":6}},{"start":{"line":259,"column":6},"end":{"line":259,"column":6}}]},"23":{"line":268,"type":"if","locations":[{"start":{"line":268,"column":2},"end":{"line":268,"column":2}},{"start":{"line":268,"column":2},"end":{"line":268,"column":2}}]},"24":{"line":276,"type":"if","locations":[{"start":{"line":276,"column":2},"end":{"line":276,"column":2}},{"start":{"line":276,"column":2},"end":{"line":276,"column":2}}]},"25":{"line":284,"type":"if","locations":[{"start":{"line":284,"column":2},"end":{"line":284,"column":2}},{"start":{"line":284,"column":2},"end":{"line":284,"column":2}}]},"26":{"line":316,"type":"cond-expr","locations":[{"start":{"line":316,"column":34},"end":{"line":316,"column":37}},{"start":{"line":316,"column":40},"end":{"line":316,"column":43}}]},"27":{"line":319,"type":"if","locations":[{"start":{"line":319,"column":4},"end":{"line":319,"column":4}},{"start":{"line":319,"column":4},"end":{"line":319,"column":4}}]},"28":{"line":320,"type":"if","locations":[{"start":{"line":320,"column":6},"end":{"line":320,"column":6}},{"start":{"line":320,"column":6},"end":{"line":320,"column":6}}]},"29":{"line":328,"type":"if","locations":[{"start":{"line":328,"column":2},"end":{"line":328,"column":2}},{"start":{"line":328,"column":2},"end":{"line":328,"column":2}}]},"30":{"line":344,"type":"cond-expr","locations":[{"start":{"line":344,"column":21},"end":{"line":344,"column":22}},{"start":{"line":344,"column":25},"end":{"line":344,"column":28}}]},"31":{"line":345,"type":"cond-expr","locations":[{"start":{"line":345,"column":34},"end":{"line":345,"column":37}},{"start":{"line":345,"column":40},"end":{"line":345,"column":43}}]},"32":{"line":348,"type":"if","locations":[{"start":{"line":348,"column":4},"end":{"line":348,"column":4}},{"start":{"line":348,"column":4},"end":{"line":348,"column":4}}]}},"code":["'use strict';","","/**"," * 分词器接口"," *"," * @author 老雷<leizongmin@gmail.com>"," */","","var fs = require('fs');","var path = require('path');","var POSTAG = require('./POSTAG');","var Tokenizer = require('./Tokenizer');","var Optimizer = require('./Optimizer');","","var debug = console.log;","","","/**"," * 创建分词器接口","*/","var Segment = module.exports = function () {","  this.POSTAG = POSTAG; // 词性","  this.DICT = {};       // 词典表","  this.modules = {","    tokenizer:  [],     // 分词模块","    optimizer:  []      // 优化模块","  };","  this.tokenizer = new Tokenizer(this);","  this.optimizer = new Optimizer(this);","};","","/**"," * 载入分词模块"," *"," * @param {String|Array|Object} module 模块名称(数组)或模块对象"," * @return {Segment}"," */","Segment.prototype.use = function (module) {","  var me = this;","","  if (Array.isArray(module)) {","    module.forEach(function (module) {","      me.use(module[i]);","    });","","  } else {","    if (typeof module == 'string') {","      var filename = path.resolve(__dirname, 'module', module + '.js');","      if (!fs.existsSync(filename)) {","        throw Error('Cannot find module \"' + module + '\".');","      } else {","        module = require(filename);","      }","    }","    // 初始化并注册模块","    module.init(this);","    this.modules[module.type].push(module);","  }","","  return this;","};","","Segment.prototype._resolveDictFilename = function (name) {","  var filename = path.resolve(name);","  if (!fs.existsSync(filename)) {","    var filename = path.resolve(__dirname, '../dicts', name);","    if (!fs.existsSync(filename)) {","      throw Error('Cannot find dict file \"' + filename + '\".');","    }","  }","  return filename;","};","","/**"," * 载入字典文件"," *"," * @param {String} name 字典文件名"," * @param {String} type 类型"," * @param {Boolean} convert_to_lower 是否全部转换为小写"," * @return {Segment}"," */","Segment.prototype.loadDict = function (name, type, convert_to_lower) {","  var filename = this._resolveDictFilename(name);","  if (!type)  type = 'TABLE';     // 默认为TABLE","","  // 初始化词典","  if (!this.DICT[type]) this.DICT[type] = {};","  if (!this.DICT[type + '2']) this.DICT[type + '2'] = {};","  var TABLE = this.DICT[type];        // 词典表  '词' => {属性}","  var TABLE2 = this.DICT[type + '2']; // 词典表  '长度' => '词' => 属性","  // 导入数据","  var POSTAG = this.POSTAG;","  var data = fs.readFileSync(filename, 'utf8');","  if (convert_to_lower) data = data.toLowerCase();","","  data.split(/\\r?\\n/).forEach(function (line) {","    var blocks = line.split('|');","    if (blocks.length > 2) {","      var w = blocks[0].trim();","      var p = Number(blocks[1]);","      var f = Number(blocks[2]);","","      // 一定要检查单词是否为空，如果为空会导致Bug","      if (w.length > 0) {","        TABLE[w] = {f: f, p: p};","        if (!TABLE2[w.length]) TABLE2[w.length] = {};","        TABLE2[w.length][w] = TABLE[w];","      }","    }","  });","","  return this;","};","","/**"," * 取词典表"," *"," * @param {String} type 类型"," * @return {object}"," */","Segment.prototype.getDict = function (type) {","  return this.DICT[type];","};","","/**"," * 载入同义词词典"," *"," * @param {String} name 字典文件名"," */","Segment.prototype.loadSynonymDict = function (name) {","  var filename = this._resolveDictFilename(name);","  var type = 'SYNONYM';","","  // 初始化词典","  if (!this.DICT[type]) this.DICT[type] = {};","  var TABLE = this.DICT[type];        // 词典表  '同义词' => '标准词'","  // 导入数据","  var data = fs.readFileSync(filename, 'utf8');","","  data.split(/\\r?\\n/).forEach(function (line) {","    var blocks = line.split(',');","    if (blocks.length > 1) {","      var n1 = blocks[0].trim();","      var n2 = blocks[1].trim();","      TABLE[n1] = n2;","      if (TABLE[n2] === n1) {","        delete TABLE[n2];","      }","    }","  });","","  return this;","};","","/**"," * 载入停止符词典"," *"," * @param {String} name 字典文件名"," */","Segment.prototype.loadStopwordDict = function (name) {","  var filename = this._resolveDictFilename(name);","  var type = 'STOPWORD';","","  // 初始化词典","  if (!this.DICT[type]) this.DICT[type] = {};","  var TABLE = this.DICT[type];        // 词典表  '同义词' => '标准词'","  // 导入数据","  var data = fs.readFileSync(filename, 'utf8');","","  data.split(/\\r?\\n/).forEach(function (line) {","    line = line.trim();","    if (line) {","      TABLE[line] = true;","    }","  });","","  return this;","};","","/**"," * 使用默认的识别模块和字典文件"," *"," * @return {Segment}"," */","Segment.prototype.useDefault = function () {","  this","    // 识别模块","    // 强制分割类单词识别","    .use('URLTokenizer')            // URL识别","    .use('WildcardTokenizer')       // 通配符，必须在标点符号识别之前","    .use('PunctuationTokenizer')    // 标点符号识别","    .use('ForeignTokenizer')        // 外文字符、数字识别，必须在标点符号识别之后","    // 中文单词识别","    .use('DictTokenizer')           // 词典识别","    .use('ChsNameTokenizer')        // 人名识别，建议在词典识别之后","","    // 优化模块","    .use('EmailOptimizer')          // 邮箱地址识别","    .use('ChsNameOptimizer')        // 人名识别优化","    .use('DictOptimizer')           // 词典识别优化","    .use('DatetimeOptimizer')       // 日期时间识别优化","","    // 字典文件","    .loadDict('dict.txt')           // 盘古词典","    .loadDict('dict2.txt')          // 扩展词典（用于调整原盘古词典）","    .loadDict('dict3.txt')          // 扩展词典（用于调整原盘古词典）","    .loadDict('names.txt')          // 常见名词、人名","    .loadDict('wildcard.txt', 'WILDCARD', true)   // 通配符","    .loadSynonymDict('synonym.txt')   // 同义词","    .loadStopwordDict('stopword.txt') // 停止符","  ;","  return this;","};","","/**"," * 开始分词"," *"," * @param {String} text 文本"," * @param {Object} options 选项"," *   - {Boolean} simple 是否仅返回单词内容"," *   - {Boolean} stripPunctuation 去除标点符号"," *   - {Boolean} convertSynonym 转换同义词"," *   - {Boolean} stripStopword 去除停止符"," * @return {Array}"," */","Segment.prototype.doSegment = function (text, options) {","  var me = this;","  options = options || {};","  var ret = [];","","  // 将文本按照换行符分割成多段，并逐一分词","  text.replace(/\\r/g, '\\n').split(/(\\n|\\s)+/).forEach(function (section) {","    var section = section.trim();","    if (section.length < 1) return;","    // ======================================","    // 分词","    var sret = me.tokenizer.split(section, me.modules.tokenizer);","","    // 优化","    sret = me.optimizer.doOptimize(sret, me.modules.optimizer);","","    // ======================================","    // 连接分词结果","    if (sret.length > 0) ret = ret.concat(sret);","  });","","  // 去除标点符号","  if (options.stripPunctuation) {","    ret = ret.filter(function (item) {","      return item.p !== POSTAG.D_W;","    });","  }","","  // 转换同义词","  function convertSynonym (list) {","    var count = 0;","    var TABLE = me.getDict('SYNONYM');","    list = list.map(function (item) {","      if (item.w in TABLE) {","        count++;","        return {w: TABLE[item.w], p: item.p};","      } else {","        return item;","      }","    });","    return {count: count, list: list};","  }","  if (options.convertSynonym) {","    do {","      var result = convertSynonym(ret);","      ret = result.list;","    } while (result.count > 0);","  }","","  // 去除停止符","  if (options.stripStopword) {","    var STOPWORD = me.getDict('STOPWORD');","    ret = ret.filter(function (item) {","      return !(item.w in STOPWORD);","    });","  }","","  // 仅返回单词内容","  if (options.simple) {","    ret = ret.map(function (item) {","      return item.w;","    });","  }","","  return ret;","};","","/**"," * 将单词数组连接成字符串"," *"," * @param {Array} words 单词数组"," * @return {String}"," */","Segment.prototype.toString= function (words) {","  return words.map(function (item) {","    return item.w;","  }).join('');","};","","/**"," * 根据某个单词或词性来分割单词数组"," *"," * @param {Array} words 单词数组"," * @param {Number|String} s 用于分割的单词或词性"," * @return {Array}"," */","Segment.prototype.split = function (words, s) {","  var ret = [];","  var lasti = 0;","  var i = 0;","  var f = typeof s === 'string' ? 'w' : 'p';","","  while (i < words.length) {","    if (words[i][f] == s) {","      if (lasti < i) ret.push(words.slice(lasti, i));","      ret.push(words.slice(i, i + 1));","      i++;","      lasti = i;","    } else {","      i++;","    }","  }","  if (lasti < words.length - 1) {","    ret.push(words.slice(lasti, words.length));","  }","","  return ret;","};","","/**"," * 在单词数组中查找某一个
[...]
olumn":18},"end":{"line":53,"column":26}},"17":{"start":{"line":54,"column":2},"end":{"line":54,"column":15}},"18":{"start":{"line":55,"column":2},"end":{"line":61,"column":3}},"19":{"start":{"line":56,"column":4},"end":{"line":59,"column":7}},"20":{"start":{"line":60,"column":4},"end":{"line":60,"column":10}},"21":{"start":{"line":62,"column":2},"end":{"line":62,"column":13}}},"branchMap":{"1":{"line":33,"type":"if","locations":[{"start":{"line":33,"column":4},"end":{"line":33,"column":4}},{"start":{"line":33,"column":4},"end":{"line":33,"column":4}}]},"2":{"line":53,"type":"if","locations":[{"start":{"line":53,"column":2},"end":{"line":53,"column":2}},{"start":{"line":53,"column":2},"end":{"line":53,"column":2}}]}},"code":["'use strict';","","/**"," * 单字切分模块"," *"," * @author 老雷<leizongmin@gmail.com>"," */"," ","var debug = console.log; "," ","/** 模块类型 */","exports.type = 'tokenizer';","","/**"," * 模块初始化"," * "," * @param {Segment} segment 分词接口"," */","exports.init = function (segment) {","  exports.segment = segment;","};","","/**"," * 对未识别的单词进行分词"," *"," * @param {array} words 单词数组"," * @return {array}"," */","exports.split = function (words) {","  var POSTAG = exports.segment.POSTAG;","  var ret = [];","  for (var i = 0, word; word = words[i]; i++) {","    if (word.p) {","      ret.push(word);","    } else {","      // 仅对未识别的词进行匹配","      ret = ret.concat(splitSingle(word.w));","    }","  }","  return ret;","};","","// =================================================================","/**"," * 单字切分"," *"," * @param {string} text 要切分的文本"," * @param {int} cur 开始位置"," * @return {array}"," */","var splitSingle= function (text, cur) {","  var POSTAG = exports.segment.POSTAG;","  if (isNaN(cur)) cur = 0;","  var ret = [];","  while (cur < text.length) {","    ret.push({","      w:  text.charAt(cur),","      p:  POSTAG.UNK","    });","    cur++;","  }","  return ret;","};",""],"l":{"9":1,"12":1,"19":1,"20":0,"29":1,"30":0,"31":0,"32":0,"33":0,"34":0,"37":0,"40":0,"51":1,"52":0,"53":0,"54":0,"55":0,"56":0,"60":0,"62":0}},"/home/travis/build/npmtest/node-npmtest-segment/node_modules/segment/lib/module/URLTokenizer.js":{"path":"/home/travis/build/npmtest/node-npmtest-segment/node_modules/segment/lib/module/URLTokenizer.js","s":{"1":1,"2":1,"3":1,"4":0,"5":1,"6":0,"7":0,"8":0,"9":0,"10":0,"11":0,"12":0,"13":0,"14":0,"15":0,"16":0,"17":0,"18":0,"19":0,"20":0,"21":0,"22":0,"23":0,"24":0,"25":0,"26":1,"27":1,"28":1,"29":5,"30":2,"31":1,"32":1,"33":1,"34":89,"35":1,"36":0,"37":0,"38":0,"39":0,"40":0,"41":0,"42":0,"43":0,"44":0,"45":0,"46":0,"47":0,"48":0,"49":0,"50":0,"51":0,"52":0,"53":0},"b":{"1":[0,0],"2":[0,0],"3":[0,0],"4":[0,0],"5":[2,3],"6":[0,0],"7":[0,0],"8":[0,0],"9":[0,0],"10":[0,0],"11":[0,0],"12":[0,0]},"f":{"1":0,"2":0,"3":0},"fnMap":{"1":{"name":"(anonymous_1)","line":19,"loc":{"start":{"line":19,"column":15},"end":{"line":19,"column":34}}},"2":{"name":"(anonymous_2)","line":29,"loc":{"start":{"line":29,"column":16},"end":{"line":29,"column":33}}},"3":{"name":"(anonymous_3)","line":89,"loc":{"start":{"line":89,"column":15},"end":{"line":89,"column":36}}}},"statementMap":{"1":{"start":{"line":9,"column":0},"end":{"line":9,"column":24}},"2":{"start":{"line":12,"column":0},"end":{"line":12,"column":27}},"3":{"start":{"line":19,"column":0},"end":{"line":21,"column":2}},"4":{"start":{"line":20,"column":2},"end":{"line":20,"column":28}},"5":{"start":{"line":29,"column":0},"end":{"line":59,"column":2}},"6":{"start":{"line":30,"column":2},"end":{"line":30,"column":38}},"7":{"start":{"line":31,"column":2},"end":{"line":31,"column":15}},"8":{"start":{"line":32,"column":2},"end":{"line":56,"column":3}},"9":{"start":{"line":33,"column":4},"end":{"line":36,"column":5}},"10":{"start":{"line":34,"column":6},"end":{"line":34,"column":21}},"11":{"start":{"line":35,"column":6},"end":{"line":35,"column":15}},"12":{"start":{"line":38,"column":4},"end":{"line":38,"column":35}},"13":{"start":{"line":39,"column":4},"end":{"line":42,"column":5}},"14":{"start":{"line":40,"column":6},"end":{"line":40,"column":21}},"15":{"start":{"line":41,"column":6},"end":{"line":41,"column":15}},"16":{"start":{"line":44,"column":4},"end":{"line":44,"column":18}},"17":{"start":{"line":45,"column":4},"end":{"line":51,"column":5}},"18":{"start":{"line":46,"column":6},"end":{"line":48,"column":7}},"19":{"start":{"line":47,"column":8},"end":{"line":47,"column":59}},"20":{"start":{"line":49,"column":6},"end":{"line":49,"column":42}},"21":{"start":{"line":50,"column":6},"end":{"line":50,"column":35}},"22":{"start":{"line":52,"column":4},"end":{"line":52,"column":46}},"23":{"start":{"line":53,"column":4},"end":{"line":55,"column":5}},"24":{"start":{"line":54,"column":6},"end":{"line":54,"column":65}},"25":{"start":{"line":58,"column":2},"end":{"line":58,"column":13}},"26":{"start":{"line":63,"column":0},"end":{"line":63,"column":73}},"27":{"start":{"line":65,"column":0},"end":{"line":65,"column":27}},"28":{"start":{"line":66,"column":0},"end":{"line":70,"column":1}},"29":{"start":{"line":67,"column":2},"end":{"line":69,"column":3}},"30":{"start":{"line":68,"column":4},"end":{"line":68,"column":42}},"31":{"start":{"line":72,"column":0},"end":{"line":75,"column":144}},"32":{"start":{"line":76,"column":0},"end":{"line":76,"column":17}},"33":{"start":{"line":77,"column":0},"end":{"line":79,"column":1}},"34":{"start":{"line":78,"column":2},"end":{"line":78,"column":27}},"35":{"start":{"line":89,"column":0},"end":{"line":122,"column":2}},"36":{"start":{"line":90,"column":2},"end":{"line":90,"column":26}},"37":{"start":{"line":90,"column":18},"end":{"line":90,"column":26}},"38":{"start":{"line":91,"column":2},"end":{"line":91,"column":15}},"39":{"start":{"line":92,"column":2},"end":{"line":92,"column":16}},"40":{"start":{"line":93,"column":2},"end":{"line":112,"column":3}},"41":{"start":{"line":95,"column":4},"end":{"line":110,"column":5}},"42":{"start":{"line":96,"column":6},"end":{"line":102,"column":7}},"43":{"start":{"line":97,"column":8},"end":{"line":101,"column":9}},"44":{"start":{"line":98,"column":10},"end":{"line":98,"column":18}},"45":{"start":{"line":99,"column":10},"end":{"line":99,"column":33}},"46":{"start":{"line":100,"column":10},"end":{"line":100,"column":16}},"47":{"start":{"line":103,"column":11},"end":{"line":110,"column":5}},"48":{"start":{"line":105,"column":6},"end":{"line":108,"column":9}},"49":{"start":{"line":109,"column":6},"end":{"line":109,"column":16}},"50":{"start":{"line":111,"column":4},"end":{"line":111,"column":10}},"51":{"start":{"line":114,"column":2},"end":{"line":119,"column":3}},"52":{"start":{"line":115,"column":4},"end":{"line":118,"column":7}},"53":{"start":{"line":121,"column":2},"end":{"line":121,"column":13}}},"branchMap":{"1":{"line":33,"type":"if","locations":[{"start":{"line":33,"column":4},"end":{"line":33,"column":4}},{"start":{"line":33,"column":4},"end":{"line":33,"column":4}}]},"2":{"line":39,"type":"if","locations":[{"start":{"line":39,"column":4},"end":{"line":39,"column":4}},{"start":{"line":39,"column":4},"end":{"line":39,"column":4}}]},"3":{"line":46,"type":"if","locations":[{"start":{"line":46,"column":6},"end":{"line":46,"column":6}},{"start":{"line":46,"column":6},"end":{"line":46,"column":6}}]},"4":{"line":53,"type":"if","locations":[{"start":{"line":53,"column":4},"end":{"line":53,"column":4}},{"start":{"line":53,"column":4},"end":{"line":53,"column":4}}]},"5":{"line":67,"type":"if","locations":[{"start":{"line":67,"column":2},"end":{"line":67,"column":2}},{"start":{"line":67,"column":2},"end":{"line":67,"column":2}}]},"6":{"line":90,"type":"if","locations":[{"start":{"line":90,"column":2},"end":{"line":90,"column":2}},{"start":{"line":90,"column":2},"end":{"line":90,"column":2}}]},"7":{"line":95,"type":"if","locations":[{"start":{"line":95,"column":4},"end":{"line":95,"column":4}},{"start":{"line":95,"column":4},"end":{"line":95,"column":4}}]},"8":{"line":95,"type":"binary-expr","locations":[{"start":{"line":95,"column":8},"end":{"line":95,"column":19}},{"start":{"line":95,"column":23},"end":{"line":95,"column":59}}]},"9":{"line":97,"type":"if","locations":[{"start":{"line":97,"column":8},"end":{"line":97,"column":8}},{"start":{"line":97,"column":8},"end":{"line":97,"column":8}}]},"10":{"line":103,"type":"if","locations":[{"start":{"line":103,"column":11},"end":{"line":103,"column":11}},{"start":{"line":103,"column":11},"end":{"line":103,"column":11}}]},"11":{"line":103,"type":"binary-expr","locations":[{"start":{"line":103,"column":15},"end":{"line":103,"column":26}},{"start":{"line":103,"column":30},"end":{"line":103,"column":60}}]},"12":{"line":114,"type":"if","locations":[{"start":{"line":114,"column":2},"end":{"line":114,"column":2}},{"start":{"line":114,"column":2},"end":{"line":114,"column":2}}]}},"code":["'use strict';","","/**"," * URL识别模块"," *"," * @author 老雷<leizongmin@gmail.com>"," */","","var debug = console.log;","","/** 模块类型 */","exports.type = 'tokenizer';","","/**"," * 模块初始化"," *"," * @param {Segment} segment 分词接口"," */","exports.init = function (segment) {","  exports.segment = segment;","};","","/**"," * 对未识别的单词进行分词"," *"," * @param {array} words 单词数组"," * @return {array}"," */","exports.split = function (words) {","  var POSTAG = exports.segment.POSTAG;","  var ret = [];","  for (var i = 0, word; word = words[i]; i++) {","    if (word.p > 0) {","      ret.push(word);","      continue;","    }","    // 仅对未识别的词进行匹配","    var urlinfo = matchURL(word.w);","    if (urlinfo.length < 1) {","      ret.push(word);","      continue;","    }","    // 分离出URL","    var lastc = 0;","    for (var ui = 0, url; url = urlinfo[ui]; ui++) {","      if (url.c > lastc) {","        ret.push({w: word.w.substr(lastc, url.c - lastc)});","      }","      ret.push({w: url.w, p: POSTAG.URL});","      lastc = url.c + url.w.length;","    }","    var lasturl = urlinfo[urlinfo.length - 1];","    if (lasturl.c + lasturl.w.length < word.w.length) {","      ret.push({w: word.w.substr(lasturl.c + lasturl.w.length)});","    }","  }","  // debug(ret);","  return ret;","};","","// =================================================================","// 协议URL头","var PROTOTAL = ['http://', 'https://', 'ftp://', 'news://', 'telnet://'];","// 协议头最小长度","var MIN_PROTOTAL_LEN = 100;","for (var i in PROTOTAL) {","  if (PROTOTAL[i].length < MIN_PROTOTAL_LEN) {","    MIN_PROTOTAL_LEN = PROTOTAL[i].length;","  }","}","// 允许出现在URL中的字符","var _URLCHAR = ['a', 'b', 'c', 'd', 'e', 'f', 'g', 'h', 'i', 'j', 'k', 'l', 'm', 'n', 'o', 'p', 'q', 'r', 's', 't', 'u', 'v', 'w', 'x', 'y', 'z',","        'A', 'B', 'C', 'D', 'E', 'F', 'G', 'H', 'I', 'J', 'K', 'L', 'M', 'N', 'O', 'P', 'Q', 'R', 'S', 'T', 'U', 'V', 'W', 'X', 'Y', 'Z',","        '0', '1', '2', '3', '4', '5', '6', '7', '8', '9',","        '!', '#', '$', '%', '&', '‘', '(', ')', '*', '+', ',', '-', '.', '/', ':', ';', '=', '?', '@', '[', '\\\\', ']', '^', '_', '`', '|', '~'];","var URLCHAR = {};","for (var i in _URLCHAR) {","  URLCHAR[_URLCHAR[i]] = 1;","}","// =================================================================","","/**"," * 匹配包含的网址，返回相关信息"," *"," * @param {string} text 文本"," * @param {int} cur 开始位置"," * @return {array}  返回格式   {w: '网址', c: 开始位置}"," */","var matchURL = function (text, cur) {","  if (isNaN(cur)) cur = 0;","  var ret = [];","  var s = false;","  while (cur < text.length) {","    // 判断是否为 http:// 之类的文本开头","    if (s === false && cur < text.length - MIN_PROTOTAL_LEN) {","      for (var i = 0, prot; prot = PROTOTAL[i]; i++) {","        if (text.substr(cur, prot.length) == prot) {","          s = cur;","          cur += prot.length - 1;","          break;","        }","      }","    } else if (s !== false && !(text.charAt(cur) in URLCHAR)) {","      // 如果以http://之类开头，遇到了非URL字符，则结束","      ret.push({","        w:  text.substr(s, cur - s),","        c:  s","      });","      s = false;","    }","    cur++;","  }","  // 检查剩余部分","  if (s !== false) {","    ret.push({","      w:  text.substr(s, cur - s),","      c:  s","    });","  }","","  return ret;","};","// debug(matchURL('http://www.baidu.com哈啊http://哇fdgggghttp://baidu.com/ss/'));",""],"l":{"9":1,"12":1,"19":1,"20":0,"29":1,"30":0,"31":0,"32":0,"33":0,"34":0,"35":0,"38":0,"39":0,"40":0,"41":0,"44":0,"45":0,"46":0,"47":0,"49":0,"50":0,"52":0,"53":0,"54":0,"58":0,"63":1,"65":1,"66":1,"67":5,"68":2,"72":1,"76":1,"77":1,"78":89,"89":1,"90":0,"91":0,"92":0,"93":0,"95":0,"96":0,"97":0,"98":0,"99":0,"100":0,"103":0,"105":0,"109":0,"111":0,"114":0,"115":0,"121":0}},"/home/travis/build/npmtest/node-npmtest-segment/node_modules/segment/lib/module/WildcardTokenizer.js":{"path":"/home/travis/build/npmtest/node-npmtest-segment/node_modules/segment/lib/module/WildcardTokenizer.js","s":{"1":1,"2":1,"3":1,"4":0,"5":1,"6":0,"7":0,"8":0,"9":0,"10":0,"11":0,"12":0,"13":0,"14":0,"15":0,"16":0,"17":0,"18":0,"19":0,"20":0,"21":0,"22":0,"23":0,"24":0,"25":0,"26":0,"27":1,"28":0,"29":0,"30":0,"31":0,"32":0,"33":0,"34":0,"35":0,"36":0,"37":0,"38":0,"39":0,"40":0,"41":0,"42":0,"43":0},"b":{"1":[0,0],"2":[0,0],"3":[0,0],"4":[0,0],"5":[0,0],"6":[0,0],"7":[0,0]},"f":{"1":0,"2":0,"3":0},"fnMap":{"1":{"name":"(anonymous_1)","line":19,"loc":{"start":{"line":19,"column":15},"end":{"line":19,"column":34}}},"2":{"name":"(anonymous_2)","line":29,"loc":{"start":{"line":29,"column":16},"end":{"line":29,"column":33}}},"3":{"name":"(anonymous_3)","line":69,"loc":{"start":{"line":69,"column":16},"end":{"line":69,"column":37}}}},"statementMap":{"1":{"start":{"line":9,"column":0},"end":{"line":9,"column":24}},"2":{"start":{"line":12,"column":0},"end":{"line":12,"column":27}},"3":{"start":{"line":19,"column":0},"end":{"line":21,"column":2}},"4":{"start":{"line":20,"column":2},"end":{"line":20,"column":28}},"5":{"start":{"line":29,"column":0},"end":{"line":59,"column":2}},"6":{"start":{"line":30,"column":2},"end":{"line":30,"column":38}},"7":{"start":{"line":31,"column":2},"end":{"line":31,"column":50}},"8":{"start":{"line":32,"column":2},"end":{"line":32,"column":15}},"9":{"start":{"line":33,"column":2},"end":{"line":57,"column":3}},"10":{"start":{"line":34,"column":4},"end":{"line":37,"column":5}},"11":{"start":{"line":35,"column":6},"end":{"line":35,"column":21}},"12":{"start":{"line":36,"column":6},"end":{"line":36,"column":15}},"13":{"start":{"line":39,"column":4},"end":{"line":39,"column":37}},"14":{"start":{"line":40,"column":4},"end":{"line":43,"column":5}},"15":{"start":{"line":41,"column":6},"end":{"line":41,"column":21}},"16":{"start":{"line":42,"column":6},"end":{"line":42,"column":15}},"17":{"start":{"line":45,"column":4},"end":{"line":45,"column":18}},"18":{"start":{"line":46,"column":4},"end":{"line":52,"column":5}},"19":{"start":{"line":47,"column":6},"end":{"line":49,"column":7}},"20":{"start":{"line":48,"column":8},"end":{"line":48,"column":58}},"21":{"start":{"line":50,"column":6},"end":{"line":50,"column":58}},"22":{"start":{"line":51,"column":6},"end":{"line":51,"column":33}},"23":{"start":{"line":53,"column":4},"end":{"line":53,"column":49}},"24":{"start":{"line":54,"column":4},"end":{"line":56,"column":5}},"25":{"start":{"line":55,"column":6},"end":{"line":55,"column":67}},"26":{"start":{"line":58,"column":2},"end":{"line":58,"column":13}},"27":{"start":{"line":69,"column":0},"end":{"line":91,"column":2}},"28":{"start":{"line":70,"column":2},"end":{"line":70,"column":26}},"29":{"start":{"line":70,"column":18},"end":{"line":70,"column":26}},"30":{"start":{"line":71,"column":2},"end":{"line":71,"column":15}},"31":{"start":{"line":72,"column":2},"end":{"line":72,"column":16}},"32":{"start":{"line":73,"column":2},"end":{"line":73,"column":51}},"33":{"start":{"line":75,"column":2},"end":{"line":75,"column":37}},"34":{"start":{"line":76,"column":2},"end":{"line":89,"column":3}},"35":{"start":{"line":77,"column":4},"end":{"line":77,"column":25}},"36":{"start":{"line":78,"column":4},"end":{"line":82,"column":5}},"37":{"start":{"line":79,"column":6},"end":{"line":81,"column":7}},"38":{"start":{"line":80,"column":8},"end":{"line":80,"column":52}},"39":{"start":{"line":83,"column":4},"end":{"line":88,"column":5}},"40":{"start":{"line":84,"column":6},"end":{"line":84,"column":25}},"41":{"start":{"line":85,"column":6},"end":{"line":85,"column":31}},"42":{"start":{"line":87,"column":6},"end":{"line":87,"column":12}},"43":{"start":{"line":90,"column":2},"end":{"line":90,"column":13}}},"branchMap":{"1":{"line":34,"type":"if","locations":[{"start":{"line":34,"column":4},"end":{"line":34,"column":4}},{"start":{"line":34,"column":4},"end":{"line":34,"column":4}}]},"2":{"line":40,"type":"if","locations":[{"start":{"line":40,"column":4},"end":{"line":40,"column":4}},{"start":{"line":40,"column":4},"end":{"line":40,"column":4}}]},"3":{"line":47,"type":"if","locations":[{"start":{"line":47,"column":6},"end":{"line":47,"column":6}},{"start":{"line":47,"column":6},"end":{"line":47,"column":6}}]},"4":{"line":54,"type":"if","locations":[{"start":{"line":54,"column":4},"end":{"line":54,"column":4}},{"start":{"line":54,"column":4},"end":{"line":54,"column":4}}]},"5":{"line":70,"type":"if","locations":[{"start":{"line":70,"column":2},"end":{"line":70,"column":2}},{"start":{"line":70,"column":2},"end":{"line":70,"column":2}}]},"6":{"line":79,"type":"if","locations":[{"start":{"line":79,"column":6},"end":{"line":79,"column":6}},{"start":{"line":79,"column":6},"end":{"line":79,"column":6}}]},"7":{"line":83,"type":"if","locations":[{"start":{"line":83,"column":4},"end":{"line":83,"column":4}},{"start":{"line":83,"column":4},"end":{"line":83,"column":4}}]}},"code":["'use strict';","","/**"," * 通配符识别模块"," *"," * @author 老雷<leizongmin@gmail.com>"," */"," ","var debug = console.log; "," ","/** 模块类型 */","exports.type = 'tokenizer';","","/**"," * 模块初始化"," * "," * @param {Segment} segment 分词接口"," */","exports.init = function (segment) {","  exports.segment = segment;","};","","/**"," * 对未识别的单词进行分词"," *"," * @param {array} words 单词数组"," * @return {array}"," */","exports.split = function (words) {","  var POSTAG = exports.segment.POSTAG;","  var TABLE = exports.segment.getDict('WILDCARD');","  var ret = [];","  for (var i = 0, word; word = words[i]; i++) {","    if (word.p > 0) {","      ret.push(word);","      continue;","    }","    // 仅对未识别的词进行匹配","    var wordinfo = matchWord(word.w);","    if (wordinfo.length < 1) {","      ret.push(word);","      continue;","    }","    // 分离出已识别的单词","    var lastc = 0;","    for (var ui = 0, bw; bw = wordinfo[ui]; ui++) {","      if (bw.c > lastc) {","        ret.push({w: word.w.substr(lastc, bw.c - lastc)});","      }","      ret.push({w: bw.w, p: TABLE[bw.w.toLowerCase()].p});","      lastc = bw.c + bw.w.length;","    }","    var lastword = wordinfo[wordinfo.length - 1];","    if (lastword.c + lastword.w.length < word.w.length) {","      ret.push({w: word.w.substr(lastword.c + lastword.w.length)});","    }","  }","  return ret;","};","","// =================================================================","/**"," * 匹配单词，返回相关信息"," *"," * @param {string} text 文本"," * @param {int} cur 开始位置"," * @return {array}  返回格式   {w: '单词', c: 开始位置}"," */","var matchWord = function (text, cur) {","  if (isNaN(cur)) cur = 0;","  var ret = [];","  var s = false;","  var TABLE = exports.segment.getDict('WILDCARD2');","  // 匹配可能出现的单词，取长度最大的那个","  var lowertext = text.toLowerCase();","  while (cur < text.length) {","    var stopword = false;","    for (var i in TABLE) {","      if (lowertext.substr(cur, i) in TABLE[i]) {","        stopword = {w: text.substr(cur, i), c: cur};","      }","    }","    if (stopword !== false) {","      ret.push(stopword);","      cur += stopword.w.length;","    } else {","      cur++;","    }","  }","  return ret;","};",""],"l":{"9":1,"12":1,"19":1,"20":0,"29":1,"30":0,"31":0,"32":0,"33":0,"34":0,"35":0,"36":0,"39":0,"40":0,"41":0,"42":0,"45":0,"46":0,"47":0,"48":0,"50":0,"51":0,"53":0,"54":0,"55":0,"58":0,"69":1,"70":0,"71":0,"72":0,"73":0,"75":0,"76":0,"77":0,"78":0,"79":0,"80":0,"83":0,"84":0,"85":0,"87":0,"90":0}}}